Log file open, 10/01/21 15:36:42
LogWindows: Failed to load 'aqProf.dll' (GetLastError=126)
LogWindows: File 'aqProf.dll' does not exist
LogWindows: Failed to load 'VtuneApi.dll' (GetLastError=126)
LogWindows: File 'VtuneApi.dll' does not exist
LogWindows: Failed to load 'VtuneApi32e.dll' (GetLastError=126)
LogWindows: File 'VtuneApi32e.dll' does not exist
LogConsoleResponse: Display: Failed to find resolution value strings in scalability ini. Falling back to default.
LogConsoleResponse: Display: Failed to find resolution value strings in scalability ini. Falling back to default.
LogInit: Display: Running engine for game: NonEuclidPlayGround
LogPlatformFile: Not using cached read wrapper
LogTaskGraph: Started task graph with 5 named threads and 35 total threads with 3 sets of task threads.
LogStats: Stats thread started at 0.638067
LogICUInternationalization: ICU TimeZone Detection - Raw Offset: -6:00, Platform Override: ''
LogInit: Display: Loading text-based GConfig....
LogPluginManager: Mounting plugin MeshPainting
LogPluginManager: Mounting plugin XGEController
LogPluginManager: Mounting plugin Paper2D
LogPluginManager: Mounting plugin EnvironmentQueryEditor
LogPluginManager: Mounting plugin AISupport
LogPluginManager: Mounting plugin LiveLink
LogPluginManager: Mounting plugin GameplayCameras
LogPluginManager: Mounting plugin LightPropagationVolume
LogPluginManager: Mounting plugin CameraShakePreviewer
LogPluginManager: Mounting plugin AnimationSharing
LogPluginManager: Mounting plugin OodleData
LogPluginManager: Mounting plugin CodeLiteSourceCodeAccess
LogPluginManager: Mounting plugin CLionSourceCodeAccess
LogPluginManager: Mounting plugin KDevelopSourceCodeAccess
LogPluginManager: Mounting plugin OodleNetwork
LogPluginManager: Mounting plugin NullSourceCodeAccess
LogPluginManager: Mounting plugin PerforceSourceControl
LogPluginManager: Mounting plugin PlasticSourceControl
LogPluginManager: Mounting plugin PixWinPlugin
LogPluginManager: Mounting plugin GitSourceControl
LogPluginManager: Mounting plugin PluginUtils
LogPluginManager: Mounting plugin RiderSourceCodeAccess
LogPluginManager: Mounting plugin SubversionSourceControl
LogPluginManager: Mounting plugin TextureFormatOodle
LogPluginManager: Mounting plugin UObjectPlugin
LogPluginManager: Mounting plugin VisualStudioCodeSourceCodeAccess
LogPluginManager: Mounting plugin VisualStudioSourceCodeAccess
LogPluginManager: Mounting plugin XCodeSourceCodeAccess
LogPluginManager: Mounting plugin AssetManagerEditor
LogPluginManager: Mounting plugin CurveEditorTools
LogPluginManager: Mounting plugin DataValidation
LogPluginManager: Mounting plugin PropertyAccessNode
LogPluginManager: Mounting plugin FacialAnimation
LogPluginManager: Mounting plugin GameplayTagsEditor
LogPluginManager: Mounting plugin GeometryMode
LogPluginManager: Mounting plugin MacGraphicsSwitching
LogPluginManager: Mounting plugin CryptoKeys
LogPluginManager: Mounting plugin MaterialAnalyzer
LogPluginManager: Mounting plugin PluginBrowser
LogPluginManager: Mounting plugin SpeedTreeImporter
LogPluginManager: Mounting plugin MobileLauncherProfileWizard
LogPluginManager: Mounting plugin DatasmithContent
LogPluginManager: Mounting plugin VariantManagerContent
LogPluginManager: Mounting plugin AlembicImporter
LogPluginManager: Mounting plugin AutomationUtils
LogPluginManager: Mounting plugin BackChannel
LogPluginManager: Mounting plugin ChaosCloth
LogPluginManager: Mounting plugin ChaosClothEditor
LogPluginManager: Mounting plugin ChaosEditor
LogPluginManager: Mounting plugin ChaosNiagara
LogPluginManager: Mounting plugin ChaosSolverPlugin
LogPluginManager: Mounting plugin LuminPlatformFeatures
LogPluginManager: Mounting plugin MagicLeap
LogPluginManager: Mounting plugin CharacterAI
LogPluginManager: Mounting plugin MagicLeapLightEstimation
LogPluginManager: Mounting plugin MagicLeapMedia
LogPluginManager: Mounting plugin MagicLeapPassableWorld
LogPluginManager: Mounting plugin MLSDK
LogPluginManager: Mounting plugin GeometryCache
LogPluginManager: Mounting plugin GeometryCollectionPlugin
LogPluginManager: Mounting plugin GeometryProcessing
LogPluginManager: Mounting plugin OpenImageDenoise
LogPluginManager: Mounting plugin MotoSynth
LogPluginManager: Mounting plugin PlatformCrypto
LogPluginManager: Mounting plugin PlanarCut
LogPluginManager: Mounting plugin ProxyLODPlugin
LogPluginManager: Mounting plugin PythonScriptPlugin
LogPluginManager: Mounting plugin SkeletalReduction
LogPluginManager: Mounting plugin AndroidMedia
LogPluginManager: Mounting plugin AvfMedia
LogPluginManager: Mounting plugin ImgMedia
LogPluginManager: Mounting plugin MediaCompositing
LogPluginManager: Mounting plugin TcpMessaging
LogPluginManager: Mounting plugin UdpMessaging
LogPluginManager: Mounting plugin WebMMedia
LogPluginManager: Mounting plugin WmfMedia
LogPluginManager: Mounting plugin MediaPlayerEditor
LogPluginManager: Mounting plugin ActorSequence
LogPluginManager: Mounting plugin LevelSequenceEditor
LogPluginManager: Mounting plugin Niagara
LogPluginManager: Mounting plugin MatineeToLevelSequence
LogPluginManager: Mounting plugin TemplateSequence
LogPluginManager: Mounting plugin OnlineSubsystem
LogPluginManager: Mounting plugin OnlineSubsystemNull
LogPluginManager: Mounting plugin OnlineSubsystemUtils
LogPluginManager: Mounting plugin LauncherChunkInstaller
LogPluginManager: Mounting plugin ActorLayerUtilities
LogPluginManager: Mounting plugin AndroidDeviceProfileSelector
LogPluginManager: Mounting plugin ScreenshotTools
LogPluginManager: Mounting plugin AndroidMoviePlayer
LogPluginManager: Mounting plugin AndroidPermission
LogPluginManager: Mounting plugin AppleImageUtils
LogPluginManager: Mounting plugin AppleMoviePlayer
LogPluginManager: Mounting plugin ArchVisCharacter
LogPluginManager: Mounting plugin AudioCapture
LogPluginManager: Mounting plugin AssetTags
LogPluginManager: Mounting plugin AudioSynesthesia
LogPluginManager: Mounting plugin CableComponent
LogPluginManager: Mounting plugin ChunkDownloader
LogPluginManager: Mounting plugin CustomMeshComponent
LogPluginManager: Mounting plugin EditableMesh
LogPluginManager: Mounting plugin ExampleDeviceProfileSelector
LogPluginManager: Mounting plugin GoogleCloudMessaging
LogPluginManager: Mounting plugin GooglePAD
LogPluginManager: Mounting plugin IOSDeviceProfileSelector
LogPluginManager: Mounting plugin LinuxDeviceProfileSelector
LogPluginManager: Mounting plugin LocationServicesBPLibrary
LogPluginManager: Mounting plugin MobilePatchingUtils
LogPluginManager: Mounting plugin OpenXR
LogPluginManager: Mounting plugin OpenXREyeTracker
LogPluginManager: Mounting plugin OpenXRHandTracking
LogPluginManager: Mounting plugin PhysXVehicles
LogPluginManager: Mounting plugin PostSplashScreen
LogPluginManager: Mounting plugin ProceduralMeshComponent
LogPluginManager: Mounting plugin PropertyAccessEditor
LogPluginManager: Mounting plugin RuntimePhysXCooking
LogPluginManager: Mounting plugin SignificanceManager
LogPluginManager: Mounting plugin SoundFields
LogPluginManager: Mounting plugin Synthesis
LogPluginManager: Mounting plugin WindowsMoviePlayer
LogPluginManager: Mounting plugin WebMMoviePlayer
LogPluginManager: Mounting plugin Takes
LogPluginManager: Mounting plugin ContentBrowserAssetDataSource
LogPluginManager: Mounting plugin ContentBrowserClassDataSource
LogPluginManager: Mounting plugin ContentBrowserFileDataSource
LogPluginManager: Mounting plugin OnlineSubsystemGooglePlay
LogPluginManager: Mounting plugin OnlineSubsystemIOS
LogPluginManager: Mounting plugin OculusVR
LogPluginManager: Mounting plugin SteamVR
PixWinPlugin: PIX capture plugin failed to initialize! Check that the process is launched from PIX.
LogInit: Using libcurl 7.55.1-DEV
LogInit:  - built for x86_64-pc-win32
LogInit:  - supports SSL with OpenSSL/1.1.1
LogInit:  - supports HTTP deflate (compression) using libz 1.2.8
LogInit:  - other features:
LogInit:      CURL_VERSION_SSL
LogInit:      CURL_VERSION_LIBZ
LogInit:      CURL_VERSION_IPV6
LogInit:      CURL_VERSION_ASYNCHDNS
LogInit:      CURL_VERSION_LARGEFILE
LogInit:      CURL_VERSION_IDN
LogInit:  CurlRequestOptions (configurable via config and command line):
LogInit:  - bVerifyPeer = true  - Libcurl will verify peer certificate
LogInit:  - bUseHttpProxy = false  - Libcurl will NOT use HTTP proxy
LogInit:  - bDontReuseConnections = false  - Libcurl will reuse connections
LogInit:  - MaxHostConnections = 16  - Libcurl will limit the number of connections to a host
LogInit:  - LocalHostAddr = Default
LogInit:  - BufferSize = 65536
LogOnline: OSS: Creating online subsystem instance for: NULL
LogInit: WinSock: version 1.1 (2.2), MaxSocks=32767, MaxUdp=65467
LogOnline: OSS: TryLoadSubsystemAndSetDefault: Loaded subsystem for module [NULL]
LogOculusPluginWrapper: OculusPlugin initialized successfully
LogHMD: Failed initializing OVRPlugin 1.59.0
LogInit: Build: ++UE4+Release-4.27-CL-17155196
LogInit: Engine Version: 4.27.0-17155196+++UE4+Release-4.27
LogInit: Compatible Engine Version: 4.27.0-17155196+++UE4+Release-4.27
LogInit: Net CL: 17155196
LogInit: OS: Windows 10 (Release 2009) (), CPU: Intel(R) Core(TM) i7-9750H CPU @ 2.60GHz, GPU: Intel(R) UHD Graphics 630
LogInit: Compiled (64-bit): Aug 13 2021 06:13:13
LogInit: Compiled with Visual C++: 19.24.28315.00
LogInit: Build Configuration: Development
LogInit: Branch Name: ++UE4+Release-4.27
LogInit: Command Line: 
LogInit: Base Directory: D:/UE_4.27/Engine/Binaries/Win64/
LogInit: Allocator: TBB
LogInit: Installed Engine Build: 1
LogDevObjectVersion: Number of dev versions registered: 29
LogDevObjectVersion:   Dev-Blueprints (B0D832E4-1F89-4F0D-ACCF-7EB736FD4AA2): 10
LogDevObjectVersion:   Dev-Build (E1C64328-A22C-4D53-A36C-8E866417BD8C): 0
LogDevObjectVersion:   Dev-Core (375EC13C-06E4-48FB-B500-84F0262A717E): 4
LogDevObjectVersion:   Dev-Editor (E4B068ED-F494-42E9-A231-DA0B2E46BB41): 40
LogDevObjectVersion:   Dev-Framework (CFFC743F-43B0-4480-9391-14DF171D2073): 37
LogDevObjectVersion:   Dev-Mobile (B02B49B5-BB20-44E9-A304-32B752E40360): 3
LogDevObjectVersion:   Dev-Networking (A4E4105C-59A1-49B5-A7C5-40C4547EDFEE): 0
LogDevObjectVersion:   Dev-Online (39C831C9-5AE6-47DC-9A44-9C173E1C8E7C): 0
LogDevObjectVersion:   Dev-Physics (78F01B33-EBEA-4F98-B9B4-84EACCB95AA2): 14
LogDevObjectVersion:   Dev-Platform (6631380F-2D4D-43E0-8009-CF276956A95A): 0
LogDevObjectVersion:   Dev-Rendering (12F88B9F-8875-4AFC-A67C-D90C383ABD29): 45
LogDevObjectVersion:   Dev-Sequencer (7B5AE74C-D270-4C10-A958-57980B212A5A): 13
LogDevObjectVersion:   Dev-VR (D7296918-1DD6-4BDD-9DE2-64A83CC13884): 3
LogDevObjectVersion:   Dev-LoadTimes (C2A15278-BFE7-4AFE-6C17-90FF531DF755): 1
LogDevObjectVersion:   Private-Geometry (6EACA3D4-40EC-4CC1-B786-8BED09428FC5): 3
LogDevObjectVersion:   Dev-AnimPhys (29E575DD-E0A3-4627-9D10-D276232CDCEA): 17
LogDevObjectVersion:   Dev-Anim (AF43A65D-7FD3-4947-9873-3E8ED9C1BB05): 15
LogDevObjectVersion:   Dev-ReflectionCapture (6B266CEC-1EC7-4B8F-A30B-E4D90942FC07): 1
LogDevObjectVersion:   Dev-Automation (0DF73D61-A23F-47EA-B727-89E90C41499A): 1
LogDevObjectVersion:   FortniteMain (601D1886-AC64-4F84-AA16-D3DE0DEAC7D6): 47
LogDevObjectVersion:   FortniteRelease (E7086368-6B23-4C58-8439-1B7016265E91): 1
LogDevObjectVersion:   Dev-Enterprise (9DFFBCD6-494F-0158-E221-12823C92A888): 10
LogDevObjectVersion:   Dev-Niagara (F2AED0AC-9AFE-416F-8664-AA7FFA26D6FC): 1
LogDevObjectVersion:   Dev-Destruction (174F1F0B-B4C6-45A5-B13F-2EE8D0FB917D): 10
LogDevObjectVersion:   Dev-Physics-Ext (35F94A83-E258-406C-A318-09F59610247C): 41
LogDevObjectVersion:   Dev-PhysicsMaterial-Chaos (B68FC16E-8B1B-42E2-B453-215C058844FE): 1
LogDevObjectVersion:   Dev-CineCamera (B2E18506-4273-CFC2-A54E-F4BB758BBA07): 1
LogDevObjectVersion:   Dev-VirtualProduction (64F58936-FD1B-42BA-BA96-7289D5D0FA4E): 1
LogDevObjectVersion:   Dev-MediaFramework (6F0ED827-A609-4895-9C91-998D90180EA4): 2
LogInit: Presizing for max 25165824 objects, including 0 objects not considered by GC, pre-allocating 0 bytes for permanent pool.
LogConfig: Applying CVar settings from Section [/Script/Engine.StreamingSettings] File [D:/Git/UE4NonEuclid/NonEuclidPlayGround/Saved/Config/Windows/Engine.ini]
LogConfig: Setting CVar [[s.MinBulkDataSizeForAsyncLoading:131072]]
LogConfig: Setting CVar [[s.AsyncLoadingThreadEnabled:0]]
LogConfig: Setting CVar [[s.EventDrivenLoaderEnabled:1]]
LogConfig: Setting CVar [[s.WarnIfTimeLimitExceeded:0]]
LogConfig: Setting CVar [[s.TimeLimitExceededMultiplier:1.5]]
LogConfig: Setting CVar [[s.TimeLimitExceededMinTime:0.005]]
LogConfig: Setting CVar [[s.UseBackgroundLevelStreaming:1]]
LogConfig: Setting CVar [[s.PriorityAsyncLoadingExtraTime:15.0]]
LogConfig: Setting CVar [[s.LevelStreamingActorsUpdateTimeLimit:5.0]]
LogConfig: Setting CVar [[s.PriorityLevelStreamingActorsUpdateExtraTime:5.0]]
LogConfig: Setting CVar [[s.LevelStreamingComponentsRegistrationGranularity:10]]
LogConfig: Setting CVar [[s.UnregisterComponentsTimeLimit:1.0]]
LogConfig: Setting CVar [[s.LevelStreamingComponentsUnregistrationGranularity:5]]
LogConfig: Setting CVar [[s.FlushStreamingOnExit:1]]
LogInit: Object subsystem initialized
LogConfig: Setting CVar [[con.DebugEarlyDefault:1]]
LogConfig: Setting CVar [[r.setres:1280x720]]
[2021.10.01-20.36.42:759][  0]LogConfig: Setting CVar [[r.VSync:0]]
[2021.10.01-20.36.42:759][  0]LogConfig: Setting CVar [[r.RHICmdBypass:0]]
[2021.10.01-20.36.42:759][  0]LogConfig: Applying CVar settings from Section [/Script/Engine.RendererSettings] File [D:/Git/UE4NonEuclid/NonEuclidPlayGround/Saved/Config/Windows/Engine.ini]
[2021.10.01-20.36.42:759][  0]LogConfig: Setting CVar [[r.GPUCrashDebugging:0]]
[2021.10.01-20.36.42:759][  0]LogConfig: Applying CVar settings from Section [/Script/Engine.RendererOverrideSettings] File [D:/Git/UE4NonEuclid/NonEuclidPlayGround/Saved/Config/Windows/Engine.ini]
[2021.10.01-20.36.42:759][  0]LogConfig: Applying CVar settings from Section [/Script/Engine.StreamingSettings] File [D:/Git/UE4NonEuclid/NonEuclidPlayGround/Saved/Config/Windows/Engine.ini]
[2021.10.01-20.36.42:759][  0]LogConfig: Setting CVar [[s.MinBulkDataSizeForAsyncLoading:131072]]
[2021.10.01-20.36.42:759][  0]LogConfig: Setting CVar [[s.AsyncLoadingThreadEnabled:0]]
[2021.10.01-20.36.42:759][  0]LogConfig: Setting CVar [[s.EventDrivenLoaderEnabled:1]]
[2021.10.01-20.36.42:759][  0]LogConfig: Setting CVar [[s.WarnIfTimeLimitExceeded:0]]
[2021.10.01-20.36.42:759][  0]LogConfig: Setting CVar [[s.TimeLimitExceededMultiplier:1.5]]
[2021.10.01-20.36.42:759][  0]LogConfig: Setting CVar [[s.TimeLimitExceededMinTime:0.005]]
[2021.10.01-20.36.42:759][  0]LogConfig: Setting CVar [[s.UseBackgroundLevelStreaming:1]]
[2021.10.01-20.36.42:759][  0]LogConfig: Setting CVar [[s.PriorityAsyncLoadingExtraTime:15.0]]
[2021.10.01-20.36.42:759][  0]LogConfig: Setting CVar [[s.LevelStreamingActorsUpdateTimeLimit:5.0]]
[2021.10.01-20.36.42:759][  0]LogConfig: Setting CVar [[s.PriorityLevelStreamingActorsUpdateExtraTime:5.0]]
[2021.10.01-20.36.42:759][  0]LogConfig: Setting CVar [[s.LevelStreamingComponentsRegistrationGranularity:10]]
[2021.10.01-20.36.42:759][  0]LogConfig: Setting CVar [[s.UnregisterComponentsTimeLimit:1.0]]
[2021.10.01-20.36.42:759][  0]LogConfig: Setting CVar [[s.LevelStreamingComponentsUnregistrationGranularity:5]]
[2021.10.01-20.36.42:759][  0]LogConfig: Setting CVar [[s.FlushStreamingOnExit:1]]
[2021.10.01-20.36.42:759][  0]LogConfig: Applying CVar settings from Section [/Script/Engine.GarbageCollectionSettings] File [D:/Git/UE4NonEuclid/NonEuclidPlayGround/Saved/Config/Windows/Engine.ini]
[2021.10.01-20.36.42:759][  0]LogConfig: Setting CVar [[gc.MaxObjectsNotConsideredByGC:1]]
[2021.10.01-20.36.42:759][  0]LogConfig: Setting CVar [[gc.SizeOfPermanentObjectPool:0]]
[2021.10.01-20.36.42:759][  0]LogConfig: Setting CVar [[gc.FlushStreamingOnGC:0]]
[2021.10.01-20.36.42:759][  0]LogConfig: Setting CVar [[gc.NumRetriesBeforeForcingGC:10]]
[2021.10.01-20.36.42:759][  0]LogConfig: Setting CVar [[gc.AllowParallelGC:1]]
[2021.10.01-20.36.42:759][  0]LogConfig: Setting CVar [[gc.TimeBetweenPurgingPendingKillObjects:61.1]]
[2021.10.01-20.36.42:759][  0]LogConfig: Setting CVar [[gc.MaxObjectsInEditor:25165824]]
[2021.10.01-20.36.42:759][  0]LogConfig: Setting CVar [[gc.IncrementalBeginDestroyEnabled:1]]
[2021.10.01-20.36.42:759][  0]LogConfig: Setting CVar [[gc.CreateGCClusters:1]]
[2021.10.01-20.36.42:759][  0]LogConfig: Setting CVar [[gc.MinGCClusterSize:5]]
[2021.10.01-20.36.42:759][  0]LogConfig: Setting CVar [[gc.ActorClusteringEnabled:0]]
[2021.10.01-20.36.42:759][  0]LogConfig: Setting CVar [[gc.BlueprintClusteringEnabled:0]]
[2021.10.01-20.36.42:759][  0]LogConfig: Setting CVar [[gc.UseDisregardForGCOnDedicatedServers:0]]
[2021.10.01-20.36.42:759][  0]LogConfig: Setting CVar [[gc.MultithreadedDestructionEnabled:1]]
[2021.10.01-20.36.42:759][  0]LogConfig: Applying CVar settings from Section [/Script/Engine.NetworkSettings] File [D:/Git/UE4NonEuclid/NonEuclidPlayGround/Saved/Config/Windows/Engine.ini]
[2021.10.01-20.36.42:759][  0]LogConfig: Applying CVar settings from Section [/Script/UnrealEd.CookerSettings] File [D:/Git/UE4NonEuclid/NonEuclidPlayGround/Saved/Config/Windows/Engine.ini]
[2021.10.01-20.36.42:774][  0]LogConfig: Applying CVar settings from Section [ViewDistanceQuality@3] File [D:/Git/UE4NonEuclid/NonEuclidPlayGround/Saved/Config/Windows/Scalability.ini]
[2021.10.01-20.36.42:774][  0]LogConfig: Setting CVar [[r.SkeletalMeshLODBias:0]]
[2021.10.01-20.36.42:774][  0]LogConfig: Setting CVar [[r.ViewDistanceScale:1.0]]
[2021.10.01-20.36.42:774][  0]LogConfig: Applying CVar settings from Section [AntiAliasingQuality@3] File [D:/Git/UE4NonEuclid/NonEuclidPlayGround/Saved/Config/Windows/Scalability.ini]
[2021.10.01-20.36.42:775][  0]LogConfig: Setting CVar [[r.PostProcessAAQuality:4]]
[2021.10.01-20.36.42:775][  0]LogConfig: Applying CVar settings from Section [ShadowQuality@3] File [D:/Git/UE4NonEuclid/NonEuclidPlayGround/Saved/Config/Windows/Scalability.ini]
[2021.10.01-20.36.42:775][  0]LogConfig: Setting CVar [[r.LightFunctionQuality:1]]
[2021.10.01-20.36.42:775][  0]LogConfig: Setting CVar [[r.ShadowQuality:5]]
[2021.10.01-20.36.42:775][  0]LogConfig: Setting CVar [[r.Shadow.CSM.MaxCascades:10]]
[2021.10.01-20.36.42:775][  0]LogConfig: Setting CVar [[r.Shadow.MaxResolution:2048]]
[2021.10.01-20.36.42:775][  0]LogConfig: Setting CVar [[r.Shadow.MaxCSMResolution:2048]]
[2021.10.01-20.36.42:775][  0]LogConfig: Setting CVar [[r.Shadow.RadiusThreshold:0.01]]
[2021.10.01-20.36.42:775][  0]LogConfig: Setting CVar [[r.Shadow.DistanceScale:1.0]]
[2021.10.01-20.36.42:775][  0]LogConfig: Setting CVar [[r.Shadow.CSM.TransitionScale:1.0]]
[2021.10.01-20.36.42:775][  0]LogConfig: Setting CVar [[r.Shadow.PreShadowResolutionFactor:1.0]]
[2021.10.01-20.36.42:775][  0]LogConfig: Setting CVar [[r.DistanceFieldShadowing:1]]
[2021.10.01-20.36.42:775][  0]LogConfig: Setting CVar [[r.DistanceFieldAO:1]]
[2021.10.01-20.36.42:775][  0]LogConfig: Setting CVar [[r.AOQuality:2]]
[2021.10.01-20.36.42:775][  0]LogConfig: Setting CVar [[r.VolumetricFog:1]]
[2021.10.01-20.36.42:775][  0]LogConfig: Setting CVar [[r.VolumetricFog.GridPixelSize:8]]
[2021.10.01-20.36.42:775][  0]LogConfig: Setting CVar [[r.VolumetricFog.GridSizeZ:128]]
[2021.10.01-20.36.42:775][  0]LogConfig: Setting CVar [[r.VolumetricFog.HistoryMissSupersampleCount:4]]
[2021.10.01-20.36.42:775][  0]LogConfig: Setting CVar [[r.LightMaxDrawDistanceScale:1]]
[2021.10.01-20.36.42:775][  0]LogConfig: Setting CVar [[r.CapsuleShadows:1]]
[2021.10.01-20.36.42:775][  0]LogConfig: Applying CVar settings from Section [PostProcessQuality@3] File [D:/Git/UE4NonEuclid/NonEuclidPlayGround/Saved/Config/Windows/Scalability.ini]
[2021.10.01-20.36.42:775][  0]LogConfig: Setting CVar [[r.MotionBlurQuality:4]]
[2021.10.01-20.36.42:775][  0]LogConfig: Setting CVar [[r.AmbientOcclusionMipLevelFactor:0.4]]
[2021.10.01-20.36.42:775][  0]LogConfig: Setting CVar [[r.AmbientOcclusionMaxQuality:100]]
[2021.10.01-20.36.42:775][  0]LogConfig: Setting CVar [[r.AmbientOcclusionLevels:-1]]
[2021.10.01-20.36.42:775][  0]LogConfig: Setting CVar [[r.AmbientOcclusionRadiusScale:1.0]]
[2021.10.01-20.36.42:775][  0]LogConfig: Setting CVar [[r.DepthOfFieldQuality:2]]
[2021.10.01-20.36.42:775][  0]LogConfig: Setting CVar [[r.RenderTargetPoolMin:400]]
[2021.10.01-20.36.42:775][  0]LogConfig: Setting CVar [[r.LensFlareQuality:2]]
[2021.10.01-20.36.42:775][  0]LogConfig: Setting CVar [[r.SceneColorFringeQuality:1]]
[2021.10.01-20.36.42:775][  0]LogConfig: Setting CVar [[r.EyeAdaptationQuality:2]]
[2021.10.01-20.36.42:775][  0]LogConfig: Setting CVar [[r.BloomQuality:5]]
[2021.10.01-20.36.42:775][  0]LogConfig: Setting CVar [[r.FastBlurThreshold:100]]
[2021.10.01-20.36.42:775][  0]LogConfig: Setting CVar [[r.Upscale.Quality:3]]
[2021.10.01-20.36.42:775][  0]LogConfig: Setting CVar [[r.Tonemapper.GrainQuantization:1]]
[2021.10.01-20.36.42:775][  0]LogConfig: Setting CVar [[r.LightShaftQuality:1]]
[2021.10.01-20.36.42:775][  0]LogConfig: Setting CVar [[r.Filter.SizeScale:1]]
[2021.10.01-20.36.42:775][  0]LogConfig: Setting CVar [[r.Tonemapper.Quality:5]]
[2021.10.01-20.36.42:775][  0]LogConfig: Setting CVar [[r.DOF.Gather.AccumulatorQuality:1        ; higher gathering accumulator quality]]
[2021.10.01-20.36.42:775][  0]LogConfig: Setting CVar [[r.DOF.Gather.PostfilterMethod:1          ; Median3x3 postfilering method]]
[2021.10.01-20.36.42:775][  0]LogConfig: Setting CVar [[r.DOF.Gather.EnableBokehSettings:0       ; no bokeh simulation when gathering]]
[2021.10.01-20.36.42:775][  0]LogConfig: Setting CVar [[r.DOF.Gather.RingCount:4                 ; medium number of samples when gathering]]
[2021.10.01-20.36.42:775][  0]LogConfig: Setting CVar [[r.DOF.Scatter.ForegroundCompositing:1    ; additive foreground scattering]]
[2021.10.01-20.36.42:775][  0]LogConfig: Setting CVar [[r.DOF.Scatter.BackgroundCompositing:2    ; additive background scattering]]
[2021.10.01-20.36.42:775][  0]LogConfig: Setting CVar [[r.DOF.Scatter.EnableBokehSettings:1      ; bokeh simulation when scattering]]
[2021.10.01-20.36.42:775][  0]LogConfig: Setting CVar [[r.DOF.Scatter.MaxSpriteRatio:0.1         ; only a maximum of 10% of scattered bokeh]]
[2021.10.01-20.36.42:775][  0]LogConfig: Setting CVar [[r.DOF.Recombine.Quality:1                ; cheap slight out of focus]]
[2021.10.01-20.36.42:775][  0]LogConfig: Setting CVar [[r.DOF.Recombine.EnableBokehSettings:0    ; no bokeh simulation on slight out of focus]]
[2021.10.01-20.36.42:775][  0]LogConfig: Setting CVar [[r.DOF.TemporalAAQuality:1                ; more stable temporal accumulation]]
[2021.10.01-20.36.42:775][  0]LogConfig: Setting CVar [[r.DOF.Kernel.MaxForegroundRadius:0.025]]
[2021.10.01-20.36.42:775][  0]LogConfig: Setting CVar [[r.DOF.Kernel.MaxBackgroundRadius:0.025]]
[2021.10.01-20.36.42:775][  0]LogConfig: Applying CVar settings from Section [TextureQuality@3] File [D:/Git/UE4NonEuclid/NonEuclidPlayGround/Saved/Config/Windows/Scalability.ini]
[2021.10.01-20.36.42:775][  0]LogConfig: Setting CVar [[r.Streaming.MipBias:0]]
[2021.10.01-20.36.42:775][  0]LogConfig: Setting CVar [[r.Streaming.AmortizeCPUToGPUCopy:0]]
[2021.10.01-20.36.42:775][  0]LogConfig: Setting CVar [[r.Streaming.MaxNumTexturesToStreamPerFrame:0]]
[2021.10.01-20.36.42:775][  0]LogConfig: Setting CVar [[r.Streaming.Boost:1]]
[2021.10.01-20.36.42:775][  0]LogConfig: Setting CVar [[r.MaxAnisotropy:8]]
[2021.10.01-20.36.42:775][  0]LogConfig: Setting CVar [[r.VT.MaxAnisotropy:8]]
[2021.10.01-20.36.42:775][  0]LogConfig: Setting CVar [[r.Streaming.LimitPoolSizeToVRAM:0]]
[2021.10.01-20.36.42:775][  0]LogConfig: Setting CVar [[r.Streaming.PoolSize:1000]]
[2021.10.01-20.36.42:775][  0]LogConfig: Setting CVar [[r.Streaming.MaxEffectiveScreenSize:0]]
[2021.10.01-20.36.42:775][  0]LogConfig: Applying CVar settings from Section [EffectsQuality@3] File [D:/Git/UE4NonEuclid/NonEuclidPlayGround/Saved/Config/Windows/Scalability.ini]
[2021.10.01-20.36.42:775][  0]LogConfig: Setting CVar [[r.TranslucencyLightingVolumeDim:64]]
[2021.10.01-20.36.42:775][  0]LogConfig: Setting CVar [[r.RefractionQuality:2]]
[2021.10.01-20.36.42:775][  0]LogConfig: Setting CVar [[r.SSR.Quality:3]]
[2021.10.01-20.36.42:775][  0]LogConfig: Setting CVar [[r.SSR.HalfResSceneColor:0]]
[2021.10.01-20.36.42:775][  0]LogConfig: Setting CVar [[r.SceneColorFormat:4]]
[2021.10.01-20.36.42:775][  0]LogConfig: Setting CVar [[r.DetailMode:2]]
[2021.10.01-20.36.42:775][  0]LogConfig: Setting CVar [[r.TranslucencyVolumeBlur:1]]
[2021.10.01-20.36.42:775][  0]LogConfig: Setting CVar [[r.MaterialQualityLevel:1 ; High quality]]
[2021.10.01-20.36.42:775][  0]LogConfig: Setting CVar [[r.AnisotropicMaterials:1]]
[2021.10.01-20.36.42:775][  0]LogConfig: Setting CVar [[r.SSS.Scale:1]]
[2021.10.01-20.36.42:775][  0]LogConfig: Setting CVar [[r.SSS.SampleSet:2]]
[2021.10.01-20.36.42:775][  0]LogConfig: Setting CVar [[r.SSS.Quality:1]]
[2021.10.01-20.36.42:775][  0]LogConfig: Setting CVar [[r.SSS.HalfRes:0]]
[2021.10.01-20.36.42:775][  0]LogConfig: Setting CVar [[r.SSGI.Quality:3]]
[2021.10.01-20.36.42:775][  0]LogConfig: Setting CVar [[r.EmitterSpawnRateScale:1.0]]
[2021.10.01-20.36.42:775][  0]LogConfig: Setting CVar [[r.ParticleLightQuality:2]]
[2021.10.01-20.36.42:776][  0]LogConfig: Setting CVar [[r.SkyAtmosphere.AerialPerspectiveLUT.FastApplyOnOpaque:1 ; Always have FastSkyLUT 1 in this case to avoid wrong sky]]
[2021.10.01-20.36.42:776][  0]LogConfig: Setting CVar [[r.SkyAtmosphere.AerialPerspectiveLUT.SampleCountMaxPerSlice:4]]
[2021.10.01-20.36.42:776][  0]LogConfig: Setting CVar [[r.SkyAtmosphere.AerialPerspectiveLUT.DepthResolution:16.0]]
[2021.10.01-20.36.42:776][  0]LogConfig: Setting CVar [[r.SkyAtmosphere.FastSkyLUT:1]]
[2021.10.01-20.36.42:776][  0]LogConfig: Setting CVar [[r.SkyAtmosphere.FastSkyLUT.SampleCountMin:4.0]]
[2021.10.01-20.36.42:776][  0]LogConfig: Setting CVar [[r.SkyAtmosphere.FastSkyLUT.SampleCountMax:128.0]]
[2021.10.01-20.36.42:776][  0]LogConfig: Setting CVar [[r.SkyAtmosphere.SampleCountMin:4.0]]
[2021.10.01-20.36.42:776][  0]LogConfig: Setting CVar [[r.SkyAtmosphere.SampleCountMax:128.0]]
[2021.10.01-20.36.42:776][  0]LogConfig: Setting CVar [[r.SkyAtmosphere.TransmittanceLUT.UseSmallFormat:0]]
[2021.10.01-20.36.42:776][  0]LogConfig: Setting CVar [[r.SkyAtmosphere.TransmittanceLUT.SampleCount:10.0]]
[2021.10.01-20.36.42:776][  0]LogConfig: Setting CVar [[r.SkyAtmosphere.MultiScatteringLUT.SampleCount:15.0]]
[2021.10.01-20.36.42:776][  0]LogConfig: Setting CVar [[r.SkyLight.RealTimeReflectionCapture:1]]
[2021.10.01-20.36.42:776][  0]LogConfig: Applying CVar settings from Section [FoliageQuality@3] File [D:/Git/UE4NonEuclid/NonEuclidPlayGround/Saved/Config/Windows/Scalability.ini]
[2021.10.01-20.36.42:776][  0]LogConfig: Setting CVar [[foliage.DensityScale:1.0]]
[2021.10.01-20.36.42:776][  0]LogConfig: Setting CVar [[grass.DensityScale:1.0]]
[2021.10.01-20.36.42:776][  0]LogConfig: Applying CVar settings from Section [ShadingQuality@3] File [D:/Git/UE4NonEuclid/NonEuclidPlayGround/Saved/Config/Windows/Scalability.ini]
[2021.10.01-20.36.42:776][  0]LogConfig: Setting CVar [[r.HairStrands.SkyLighting.IntegrationType:2]]
[2021.10.01-20.36.42:776][  0]LogConfig: Setting CVar [[r.HairStrands.SkyAO.SampleCount:4]]
[2021.10.01-20.36.42:776][  0]LogConfig: Setting CVar [[r.HairStrands.Visibility.MSAA.SamplePerPixel:4]]
[2021.10.01-20.36.42:776][  0]LogInit: Selected Device Profile: [Windows]
[2021.10.01-20.36.42:776][  0]LogInit: Applying CVar settings loaded from the selected device profile: [Windows]
[2021.10.01-20.36.42:776][  0]LogHAL: Display: Platform has ~ 32 GB [34145370112 / 34359738368 / 32], which maps to Largest [LargestMinGB=32, LargerMinGB=12, DefaultMinGB=8, SmallerMinGB=6, SmallestMinGB=0)
[2021.10.01-20.36.42:776][  0]LogInit: Going up to parent DeviceProfile []
[2021.10.01-20.36.42:776][  0]LogConfig: Applying CVar settings from Section [ViewDistanceQuality@3] File [D:/Git/UE4NonEuclid/NonEuclidPlayGround/Saved/Config/Windows/Scalability.ini]
[2021.10.01-20.36.42:776][  0]LogConfig: Setting CVar [[r.SkeletalMeshLODBias:0]]
[2021.10.01-20.36.42:776][  0]LogConfig: Setting CVar [[r.ViewDistanceScale:1.0]]
[2021.10.01-20.36.42:776][  0]LogConfig: Applying CVar settings from Section [AntiAliasingQuality@3] File [D:/Git/UE4NonEuclid/NonEuclidPlayGround/Saved/Config/Windows/Scalability.ini]
[2021.10.01-20.36.42:776][  0]LogConfig: Setting CVar [[r.PostProcessAAQuality:4]]
[2021.10.01-20.36.42:776][  0]LogConfig: Applying CVar settings from Section [ShadowQuality@3] File [D:/Git/UE4NonEuclid/NonEuclidPlayGround/Saved/Config/Windows/Scalability.ini]
[2021.10.01-20.36.42:776][  0]LogConfig: Setting CVar [[r.LightFunctionQuality:1]]
[2021.10.01-20.36.42:776][  0]LogConfig: Setting CVar [[r.ShadowQuality:5]]
[2021.10.01-20.36.42:776][  0]LogConfig: Setting CVar [[r.Shadow.CSM.MaxCascades:10]]
[2021.10.01-20.36.42:776][  0]LogConfig: Setting CVar [[r.Shadow.MaxResolution:2048]]
[2021.10.01-20.36.42:776][  0]LogConfig: Setting CVar [[r.Shadow.MaxCSMResolution:2048]]
[2021.10.01-20.36.42:776][  0]LogConfig: Setting CVar [[r.Shadow.RadiusThreshold:0.01]]
[2021.10.01-20.36.42:776][  0]LogConfig: Setting CVar [[r.Shadow.DistanceScale:1.0]]
[2021.10.01-20.36.42:776][  0]LogConfig: Setting CVar [[r.Shadow.CSM.TransitionScale:1.0]]
[2021.10.01-20.36.42:776][  0]LogConfig: Setting CVar [[r.Shadow.PreShadowResolutionFactor:1.0]]
[2021.10.01-20.36.42:776][  0]LogConfig: Setting CVar [[r.DistanceFieldShadowing:1]]
[2021.10.01-20.36.42:776][  0]LogConfig: Setting CVar [[r.DistanceFieldAO:1]]
[2021.10.01-20.36.42:776][  0]LogConfig: Setting CVar [[r.AOQuality:2]]
[2021.10.01-20.36.42:776][  0]LogConfig: Setting CVar [[r.VolumetricFog:1]]
[2021.10.01-20.36.42:776][  0]LogConfig: Setting CVar [[r.VolumetricFog.GridPixelSize:8]]
[2021.10.01-20.36.42:776][  0]LogConfig: Setting CVar [[r.VolumetricFog.GridSizeZ:128]]
[2021.10.01-20.36.42:776][  0]LogConfig: Setting CVar [[r.VolumetricFog.HistoryMissSupersampleCount:4]]
[2021.10.01-20.36.42:776][  0]LogConfig: Setting CVar [[r.LightMaxDrawDistanceScale:1]]
[2021.10.01-20.36.42:776][  0]LogConfig: Setting CVar [[r.CapsuleShadows:1]]
[2021.10.01-20.36.42:776][  0]LogConfig: Applying CVar settings from Section [PostProcessQuality@3] File [D:/Git/UE4NonEuclid/NonEuclidPlayGround/Saved/Config/Windows/Scalability.ini]
[2021.10.01-20.36.42:776][  0]LogConfig: Setting CVar [[r.MotionBlurQuality:4]]
[2021.10.01-20.36.42:776][  0]LogConfig: Setting CVar [[r.AmbientOcclusionMipLevelFactor:0.4]]
[2021.10.01-20.36.42:776][  0]LogConfig: Setting CVar [[r.AmbientOcclusionMaxQuality:100]]
[2021.10.01-20.36.42:776][  0]LogConfig: Setting CVar [[r.AmbientOcclusionLevels:-1]]
[2021.10.01-20.36.42:776][  0]LogConfig: Setting CVar [[r.AmbientOcclusionRadiusScale:1.0]]
[2021.10.01-20.36.42:776][  0]LogConfig: Setting CVar [[r.DepthOfFieldQuality:2]]
[2021.10.01-20.36.42:776][  0]LogConfig: Setting CVar [[r.RenderTargetPoolMin:400]]
[2021.10.01-20.36.42:776][  0]LogConfig: Setting CVar [[r.LensFlareQuality:2]]
[2021.10.01-20.36.42:776][  0]LogConfig: Setting CVar [[r.SceneColorFringeQuality:1]]
[2021.10.01-20.36.42:776][  0]LogConfig: Setting CVar [[r.EyeAdaptationQuality:2]]
[2021.10.01-20.36.42:776][  0]LogConfig: Setting CVar [[r.BloomQuality:5]]
[2021.10.01-20.36.42:776][  0]LogConfig: Setting CVar [[r.FastBlurThreshold:100]]
[2021.10.01-20.36.42:776][  0]LogConfig: Setting CVar [[r.Upscale.Quality:3]]
[2021.10.01-20.36.42:776][  0]LogConfig: Setting CVar [[r.Tonemapper.GrainQuantization:1]]
[2021.10.01-20.36.42:776][  0]LogConfig: Setting CVar [[r.LightShaftQuality:1]]
[2021.10.01-20.36.42:776][  0]LogConfig: Setting CVar [[r.Filter.SizeScale:1]]
[2021.10.01-20.36.42:776][  0]LogConfig: Setting CVar [[r.Tonemapper.Quality:5]]
[2021.10.01-20.36.42:776][  0]LogConfig: Setting CVar [[r.DOF.Gather.AccumulatorQuality:1        ; higher gathering accumulator quality]]
[2021.10.01-20.36.42:776][  0]LogConfig: Setting CVar [[r.DOF.Gather.PostfilterMethod:1          ; Median3x3 postfilering method]]
[2021.10.01-20.36.42:776][  0]LogConfig: Setting CVar [[r.DOF.Gather.EnableBokehSettings:0       ; no bokeh simulation when gathering]]
[2021.10.01-20.36.42:776][  0]LogConfig: Setting CVar [[r.DOF.Gather.RingCount:4                 ; medium number of samples when gathering]]
[2021.10.01-20.36.42:776][  0]LogConfig: Setting CVar [[r.DOF.Scatter.ForegroundCompositing:1    ; additive foreground scattering]]
[2021.10.01-20.36.42:776][  0]LogConfig: Setting CVar [[r.DOF.Scatter.BackgroundCompositing:2    ; additive background scattering]]
[2021.10.01-20.36.42:776][  0]LogConfig: Setting CVar [[r.DOF.Scatter.EnableBokehSettings:1      ; bokeh simulation when scattering]]
[2021.10.01-20.36.42:776][  0]LogConfig: Setting CVar [[r.DOF.Scatter.MaxSpriteRatio:0.1         ; only a maximum of 10% of scattered bokeh]]
[2021.10.01-20.36.42:776][  0]LogConfig: Setting CVar [[r.DOF.Recombine.Quality:1                ; cheap slight out of focus]]
[2021.10.01-20.36.42:776][  0]LogConfig: Setting CVar [[r.DOF.Recombine.EnableBokehSettings:0    ; no bokeh simulation on slight out of focus]]
[2021.10.01-20.36.42:777][  0]LogConfig: Setting CVar [[r.DOF.TemporalAAQuality:1                ; more stable temporal accumulation]]
[2021.10.01-20.36.42:777][  0]LogConfig: Setting CVar [[r.DOF.Kernel.MaxForegroundRadius:0.025]]
[2021.10.01-20.36.42:777][  0]LogConfig: Setting CVar [[r.DOF.Kernel.MaxBackgroundRadius:0.025]]
[2021.10.01-20.36.42:777][  0]LogConfig: Applying CVar settings from Section [TextureQuality@3] File [D:/Git/UE4NonEuclid/NonEuclidPlayGround/Saved/Config/Windows/Scalability.ini]
[2021.10.01-20.36.42:777][  0]LogConfig: Setting CVar [[r.Streaming.MipBias:0]]
[2021.10.01-20.36.42:777][  0]LogConfig: Setting CVar [[r.Streaming.AmortizeCPUToGPUCopy:0]]
[2021.10.01-20.36.42:777][  0]LogConfig: Setting CVar [[r.Streaming.MaxNumTexturesToStreamPerFrame:0]]
[2021.10.01-20.36.42:777][  0]LogConfig: Setting CVar [[r.Streaming.Boost:1]]
[2021.10.01-20.36.42:777][  0]LogConfig: Setting CVar [[r.MaxAnisotropy:8]]
[2021.10.01-20.36.42:777][  0]LogConfig: Setting CVar [[r.VT.MaxAnisotropy:8]]
[2021.10.01-20.36.42:777][  0]LogConfig: Setting CVar [[r.Streaming.LimitPoolSizeToVRAM:0]]
[2021.10.01-20.36.42:777][  0]LogConfig: Setting CVar [[r.Streaming.PoolSize:1000]]
[2021.10.01-20.36.42:777][  0]LogConfig: Setting CVar [[r.Streaming.MaxEffectiveScreenSize:0]]
[2021.10.01-20.36.42:777][  0]LogConfig: Applying CVar settings from Section [EffectsQuality@3] File [D:/Git/UE4NonEuclid/NonEuclidPlayGround/Saved/Config/Windows/Scalability.ini]
[2021.10.01-20.36.42:777][  0]LogConfig: Setting CVar [[r.TranslucencyLightingVolumeDim:64]]
[2021.10.01-20.36.42:777][  0]LogConfig: Setting CVar [[r.RefractionQuality:2]]
[2021.10.01-20.36.42:777][  0]LogConfig: Setting CVar [[r.SSR.Quality:3]]
[2021.10.01-20.36.42:777][  0]LogConfig: Setting CVar [[r.SSR.HalfResSceneColor:0]]
[2021.10.01-20.36.42:777][  0]LogConfig: Setting CVar [[r.SceneColorFormat:4]]
[2021.10.01-20.36.42:777][  0]LogConfig: Setting CVar [[r.DetailMode:2]]
[2021.10.01-20.36.42:777][  0]LogConfig: Setting CVar [[r.TranslucencyVolumeBlur:1]]
[2021.10.01-20.36.42:777][  0]LogConfig: Setting CVar [[r.MaterialQualityLevel:1 ; High quality]]
[2021.10.01-20.36.42:777][  0]LogConfig: Setting CVar [[r.AnisotropicMaterials:1]]
[2021.10.01-20.36.42:777][  0]LogConfig: Setting CVar [[r.SSS.Scale:1]]
[2021.10.01-20.36.42:777][  0]LogConfig: Setting CVar [[r.SSS.SampleSet:2]]
[2021.10.01-20.36.42:777][  0]LogConfig: Setting CVar [[r.SSS.Quality:1]]
[2021.10.01-20.36.42:777][  0]LogConfig: Setting CVar [[r.SSS.HalfRes:0]]
[2021.10.01-20.36.42:777][  0]LogConfig: Setting CVar [[r.SSGI.Quality:3]]
[2021.10.01-20.36.42:777][  0]LogConfig: Setting CVar [[r.EmitterSpawnRateScale:1.0]]
[2021.10.01-20.36.42:777][  0]LogConfig: Setting CVar [[r.ParticleLightQuality:2]]
[2021.10.01-20.36.42:777][  0]LogConfig: Setting CVar [[r.SkyAtmosphere.AerialPerspectiveLUT.FastApplyOnOpaque:1 ; Always have FastSkyLUT 1 in this case to avoid wrong sky]]
[2021.10.01-20.36.42:777][  0]LogConfig: Setting CVar [[r.SkyAtmosphere.AerialPerspectiveLUT.SampleCountMaxPerSlice:4]]
[2021.10.01-20.36.42:777][  0]LogConfig: Setting CVar [[r.SkyAtmosphere.AerialPerspectiveLUT.DepthResolution:16.0]]
[2021.10.01-20.36.42:777][  0]LogConfig: Setting CVar [[r.SkyAtmosphere.FastSkyLUT:1]]
[2021.10.01-20.36.42:777][  0]LogConfig: Setting CVar [[r.SkyAtmosphere.FastSkyLUT.SampleCountMin:4.0]]
[2021.10.01-20.36.42:777][  0]LogConfig: Setting CVar [[r.SkyAtmosphere.FastSkyLUT.SampleCountMax:128.0]]
[2021.10.01-20.36.42:777][  0]LogConfig: Setting CVar [[r.SkyAtmosphere.SampleCountMin:4.0]]
[2021.10.01-20.36.42:777][  0]LogConfig: Setting CVar [[r.SkyAtmosphere.SampleCountMax:128.0]]
[2021.10.01-20.36.42:777][  0]LogConfig: Setting CVar [[r.SkyAtmosphere.TransmittanceLUT.UseSmallFormat:0]]
[2021.10.01-20.36.42:777][  0]LogConfig: Setting CVar [[r.SkyAtmosphere.TransmittanceLUT.SampleCount:10.0]]
[2021.10.01-20.36.42:777][  0]LogConfig: Setting CVar [[r.SkyAtmosphere.MultiScatteringLUT.SampleCount:15.0]]
[2021.10.01-20.36.42:777][  0]LogConfig: Setting CVar [[r.SkyLight.RealTimeReflectionCapture:1]]
[2021.10.01-20.36.42:777][  0]LogConfig: Applying CVar settings from Section [FoliageQuality@3] File [D:/Git/UE4NonEuclid/NonEuclidPlayGround/Saved/Config/Windows/Scalability.ini]
[2021.10.01-20.36.42:777][  0]LogConfig: Setting CVar [[foliage.DensityScale:1.0]]
[2021.10.01-20.36.42:777][  0]LogConfig: Setting CVar [[grass.DensityScale:1.0]]
[2021.10.01-20.36.42:777][  0]LogConfig: Applying CVar settings from Section [ShadingQuality@3] File [D:/Git/UE4NonEuclid/NonEuclidPlayGround/Saved/Config/Windows/Scalability.ini]
[2021.10.01-20.36.42:777][  0]LogConfig: Setting CVar [[r.HairStrands.SkyLighting.IntegrationType:2]]
[2021.10.01-20.36.42:777][  0]LogConfig: Setting CVar [[r.HairStrands.SkyAO.SampleCount:4]]
[2021.10.01-20.36.42:777][  0]LogConfig: Setting CVar [[r.HairStrands.Visibility.MSAA.SamplePerPixel:4]]
[2021.10.01-20.36.42:777][  0]LogConfig: Applying CVar settings from Section [Startup] File [../../../Engine/Config/ConsoleVariables.ini]
[2021.10.01-20.36.42:777][  0]LogConfig: Setting CVar [[net.UseAdaptiveNetUpdateFrequency:0]]
[2021.10.01-20.36.42:777][  0]LogConfig: Setting CVar [[p.chaos.AllowCreatePhysxBodies:1]]
[2021.10.01-20.36.42:777][  0]LogConfig: Setting CVar [[fx.SkipVectorVMBackendOptimizations:1]]
[2021.10.01-20.36.42:777][  0]LogConfig: Applying CVar settings from Section [ConsoleVariables] File [D:/Git/UE4NonEuclid/NonEuclidPlayGround/Saved/Config/Windows/Engine.ini]
[2021.10.01-20.36.42:777][  0]LogConfig: Applying CVar settings from Section [ConsoleVariables] File [D:/Git/UE4NonEuclid/NonEuclidPlayGround/Saved/Config/Windows/Editor.ini]
[2021.10.01-20.36.42:777][  0]LogInit: Computer: KEITHWANG
[2021.10.01-20.36.42:777][  0]LogInit: User: KeithWang
[2021.10.01-20.36.42:777][  0]LogInit: CPU Page size=4096, Cores=6
[2021.10.01-20.36.42:777][  0]LogInit: High frequency timer resolution =10.000000 MHz
[2021.10.01-20.36.42:777][  0]LogMemory: Memory total: Physical=31.8GB (32GB approx)
[2021.10.01-20.36.42:777][  0]LogMemory: Platform Memory Stats for Windows
[2021.10.01-20.36.42:777][  0]LogMemory: Process Physical Memory: 146.49 MB used, 146.50 MB peak
[2021.10.01-20.36.42:777][  0]LogMemory: Process Virtual Memory: 124.18 MB used, 124.18 MB peak
[2021.10.01-20.36.42:778][  0]LogMemory: Physical Memory: 17382.70 MB used,  15180.86 MB free, 32563.56 MB total
[2021.10.01-20.36.42:778][  0]LogMemory: Virtual Memory: 134205184.00 MB used,  12543.14 MB free, 134217728.00 MB total
[2021.10.01-20.36.43:080][  0]LogWindows: WindowsPlatformFeatures enabled
[2021.10.01-20.36.43:135][  0]LogInit: Physics initialised using underlying interface: PhysX
[2021.10.01-20.36.43:136][  0]LogInit: Using OS detected language (en-US).
[2021.10.01-20.36.43:136][  0]LogInit: Overriding language with editor locale configuration option (en).
[2021.10.01-20.36.43:138][  0]LogTextLocalizationManager: No specific localization for 'en-US' exists, so the 'en' localization will be used.
[2021.10.01-20.36.43:372][  0]LogInit: Setting process to per monitor DPI aware
[2021.10.01-20.36.43:383][  0]LogWindowsTextInputMethodSystem: Display: IME system deactivated.
[2021.10.01-20.36.43:395][  0]LogSlate: New Slate User Created.  User Index 0, Is Virtual User: 0
[2021.10.01-20.36.43:395][  0]LogSlate: Slate User Registered.  User Index 0, Is Virtual User: 0
[2021.10.01-20.36.43:502][  0]LogD3D11RHI: Loaded GFSDK_Aftermath_Lib.x64.dll
[2021.10.01-20.36.43:545][  0]LogHMD: Failed to initialize OpenVR with code 102
[2021.10.01-20.36.43:545][  0]LogD3D11RHI: D3D11 min allowed feature level: 11_0
[2021.10.01-20.36.43:545][  0]LogD3D11RHI: D3D11 max allowed feature level: 11_0
[2021.10.01-20.36.43:546][  0]LogD3D11RHI: D3D11 adapters:
[2021.10.01-20.36.43:656][  0]LogD3D11RHI:    0. 'NVIDIA GeForce RTX 2070 with Max-Q Design' (Feature Level 11_0)
[2021.10.01-20.36.43:656][  0]LogD3D11RHI:       8031/0/16281 MB DedicatedVideo/DedicatedSystem/SharedSystem, Outputs:2, VendorId:0x10de
[2021.10.01-20.36.43:721][  0]LogD3D11RHI:    1. 'Intel(R) UHD Graphics 630' (Feature Level 11_0)
[2021.10.01-20.36.43:721][  0]LogD3D11RHI:       128/0/16281 MB DedicatedVideo/DedicatedSystem/SharedSystem, Outputs:0, VendorId:0x8086
[2021.10.01-20.36.43:723][  0]LogD3D11RHI:    2. 'Microsoft Basic Render Driver' (Feature Level 11_0)
[2021.10.01-20.36.43:723][  0]LogD3D11RHI:       0/0/16281 MB DedicatedVideo/DedicatedSystem/SharedSystem, Outputs:0, VendorId:0x1414
[2021.10.01-20.36.43:723][  0]LogD3D11RHI: Chosen D3D11 Adapter: 0
[2021.10.01-20.36.43:730][  0]LogD3D11RHI: Creating new Direct3DDevice
[2021.10.01-20.36.43:730][  0]LogD3D11RHI:     GPU DeviceId: 0x1f10 (for the marketing name, search the web for "GPU Device Id")
[2021.10.01-20.36.43:730][  0]LogWindows: EnumDisplayDevices:
[2021.10.01-20.36.43:730][  0]LogWindows:    0. 'Intel(R) UHD Graphics 630' (P:1 D:1)
[2021.10.01-20.36.43:730][  0]LogWindows:    1. 'Intel(R) UHD Graphics 630' (P:0 D:0)
[2021.10.01-20.36.43:731][  0]LogWindows:    2. 'Intel(R) UHD Graphics 630' (P:0 D:0)
[2021.10.01-20.36.43:731][  0]LogWindows:    3. 'NVIDIA GeForce RTX 2070 with Max-Q Design' (P:0 D:1)
[2021.10.01-20.36.43:731][  0]LogWindows:    4. 'NVIDIA GeForce RTX 2070 with Max-Q Design' (P:0 D:0)
[2021.10.01-20.36.43:731][  0]LogWindows:    5. 'NVIDIA GeForce RTX 2070 with Max-Q Design' (P:0 D:0)
[2021.10.01-20.36.43:732][  0]LogWindows:    6. 'NVIDIA GeForce RTX 2070 with Max-Q Design' (P:0 D:0)
[2021.10.01-20.36.43:732][  0]LogWindows: DebugString: PrimaryIsNotTheChoosenAdapter PrimaryIsNotTheChoosenAdapter PrimaryIsNotTheChoosenAdapter FoundDriverCount:4 
[2021.10.01-20.36.43:732][  0]LogD3D11RHI:     Adapter Name: NVIDIA GeForce RTX 2070 with Max-Q Design
[2021.10.01-20.36.43:732][  0]LogD3D11RHI:   Driver Version: 472.12 (internal:30.0.14.7212, unified:472.12)
[2021.10.01-20.36.43:732][  0]LogD3D11RHI:      Driver Date: 9-13-2021
[2021.10.01-20.36.43:732][  0]LogRHI: Texture pool is 5621 MB (70% of 8031 MB)
[2021.10.01-20.36.43:812][  0]LogD3D11RHI: RHI has support for 64 bit atomics
[2021.10.01-20.36.43:812][  0]LogD3D11RHI: Async texture creation enabled
[2021.10.01-20.36.43:812][  0]LogD3D11RHI: Array index from any shader is supported
[2021.10.01-20.36.43:835][  0]LogD3D11RHI: GPU Timing Frequency: 1000.000000 (Debug: 2 1)
[2021.10.01-20.36.43:895][  0]LogRHI: GeForceNow SDK initialized: 1
[2021.10.01-20.36.44:209][  0]LogTargetPlatformManager: Display: Loaded TargetPlatform 'AllDesktop'
[2021.10.01-20.36.44:227][  0]LogTargetPlatformManager: Display: Loaded TargetPlatform 'Android'
[2021.10.01-20.36.44:227][  0]LogTargetPlatformManager: Display: Loaded TargetPlatform 'Android_ASTC'
[2021.10.01-20.36.44:227][  0]LogTargetPlatformManager: Display: Loaded TargetPlatform 'Android_DXT'
[2021.10.01-20.36.44:227][  0]LogTargetPlatformManager: Display: Loaded TargetPlatform 'Android_ETC2'
[2021.10.01-20.36.44:227][  0]LogTargetPlatformManager: Display: Loaded TargetPlatform 'AndroidClient'
[2021.10.01-20.36.44:227][  0]LogTargetPlatformManager: Display: Loaded TargetPlatform 'Android_ASTCClient'
[2021.10.01-20.36.44:227][  0]LogTargetPlatformManager: Display: Loaded TargetPlatform 'Android_DXTClient'
[2021.10.01-20.36.44:227][  0]LogTargetPlatformManager: Display: Loaded TargetPlatform 'Android_ETC2Client'
[2021.10.01-20.36.44:227][  0]LogTargetPlatformManager: Display: Loaded TargetPlatform 'Android_Multi'
[2021.10.01-20.36.44:227][  0]LogTargetPlatformManager: Display: Loaded TargetPlatform 'Android_MultiClient'
[2021.10.01-20.36.44:241][  0]LogTargetPlatformManager: Display: Loaded TargetPlatform 'IOSClient'
[2021.10.01-20.36.44:241][  0]LogTargetPlatformManager: Display: Loaded TargetPlatform 'IOS'
[2021.10.01-20.36.44:249][  0]LogTargetPlatformManager: Display: Loaded TargetPlatform 'Linux'
[2021.10.01-20.36.44:252][  0]LogTargetPlatformManager: Display: Loaded TargetPlatform 'LinuxNoEditor'
[2021.10.01-20.36.44:256][  0]LogTargetPlatformManager: Display: Loaded TargetPlatform 'LinuxClient'
[2021.10.01-20.36.44:260][  0]LogTargetPlatformManager: Display: Loaded TargetPlatform 'LinuxServer'
[2021.10.01-20.36.44:267][  0]LogTargetPlatformManager: Display: Loaded TargetPlatform 'LinuxAArch64NoEditor'
[2021.10.01-20.36.44:271][  0]LogTargetPlatformManager: Display: Loaded TargetPlatform 'LinuxAArch64Client'
[2021.10.01-20.36.44:274][  0]LogTargetPlatformManager: Display: Loaded TargetPlatform 'LinuxAArch64Server'
[2021.10.01-20.36.44:293][  0]LogTargetPlatformManager: Display: Loaded TargetPlatform 'Lumin'
[2021.10.01-20.36.44:293][  0]LogTargetPlatformManager: Display: Loaded TargetPlatform 'LuminClient'
[2021.10.01-20.36.44:299][  0]LogTargetPlatformManager: Display: Loaded TargetPlatform 'MacNoEditor'
[2021.10.01-20.36.44:302][  0]LogTargetPlatformManager: Display: Loaded TargetPlatform 'Mac'
[2021.10.01-20.36.44:306][  0]LogTargetPlatformManager: Display: Loaded TargetPlatform 'MacClient'
[2021.10.01-20.36.44:309][  0]LogTargetPlatformManager: Display: Loaded TargetPlatform 'MacServer'
[2021.10.01-20.36.44:317][  0]LogTargetPlatformManager: Display: Loaded TargetPlatform 'TVOSClient'
[2021.10.01-20.36.44:317][  0]LogTargetPlatformManager: Display: Loaded TargetPlatform 'TVOS'
[2021.10.01-20.36.44:325][  0]LogTargetPlatformManager: Display: Loaded TargetPlatform 'WindowsNoEditor'
[2021.10.01-20.36.44:330][  0]LogTargetPlatformManager: Display: Loaded TargetPlatform 'Windows'
[2021.10.01-20.36.44:334][  0]LogTargetPlatformManager: Display: Loaded TargetPlatform 'WindowsClient'
[2021.10.01-20.36.44:339][  0]LogTargetPlatformManager: Display: Loaded TargetPlatform 'WindowsServer'
[2021.10.01-20.36.44:339][  0]LogTargetPlatformManager: Display: Building Assets For Windows
[2021.10.01-20.36.44:344][  0]LogAudioDebug: Display: Lib vorbis DLL was dynamically loaded.
[2021.10.01-20.36.44:367][  0]LogTextureFormatOodle: Display: Oodle Texture 2.9.0 init RDO Off
[2021.10.01-20.36.44:392][  0]LogRendererCore: Ray tracing is disabled. Reason: r.RayTracing=0.
[2021.10.01-20.36.44:392][  0]LogShaderCompilers: Guid format shader working directory is 1 characters bigger than the processId version (../../../../Git/UE4NonEuclid/NonEuclidPlayGround/Intermediate/Shaders/WorkingDirectory/108384/).
[2021.10.01-20.36.44:392][  0]LogShaderCompilers: Cleaned the shader compiler working directory 'C:/Users/Keith Wang/AppData/Local/Temp/UnrealShaderWorkingDir/2D01EE46441603CDCF93B3B94A577005/'.
[2021.10.01-20.36.44:393][  0]LogXGEController: Cannot use XGE Controller as Incredibuild is not installed on this machine.
[2021.10.01-20.36.44:393][  0]LogShaderCompilers: Cannot use XGE Shader Compiler as Incredibuild is not installed on this machine.
[2021.10.01-20.36.44:393][  0]LogShaderCompilers: Display: Using Local Shader Compiler.
[2021.10.01-20.36.45:080][  0]LogDerivedDataCache: Display: Max Cache Size: 512 MB
[2021.10.01-20.36.45:131][  0]LogDerivedDataCache: Loaded boot cache 0.05s 95MB C:/Users/Keith Wang/AppData/Local/UnrealEngine/4.27/DerivedDataCache/Boot.ddc.
[2021.10.01-20.36.45:131][  0]LogDerivedDataCache: Display: Loaded Boot cache: C:/Users/Keith Wang/AppData/Local/UnrealEngine/4.27/DerivedDataCache/Boot.ddc
[2021.10.01-20.36.45:131][  0]LogDerivedDataCache: FDerivedDataBackendGraph:  Pak pak cache file ../../../../Git/UE4NonEuclid/NonEuclidPlayGround/DerivedDataCache/DDC.ddp not found, will not use a pak cache.
[2021.10.01-20.36.45:131][  0]LogDerivedDataCache: Unable to find inner node Pak for hierarchical cache Hierarchy.
[2021.10.01-20.36.45:131][  0]LogDerivedDataCache: FDerivedDataBackendGraph:  CompressedPak pak cache file ../../../../Git/UE4NonEuclid/NonEuclidPlayGround/DerivedDataCache/Compressed.ddp not found, will not use a pak cache.
[2021.10.01-20.36.45:131][  0]LogDerivedDataCache: Unable to find inner node CompressedPak for hierarchical cache Hierarchy.
[2021.10.01-20.36.45:146][  0]LogDerivedDataCache: Display: Pak cache opened for reading ../../../Engine/DerivedDataCache/Compressed.ddp.
[2021.10.01-20.36.45:146][  0]LogDerivedDataCache: FDerivedDataBackendGraph:  EnterprisePak pak cache file ../../../Enterprise/DerivedDataCache/Compressed.ddp not found, will not use a pak cache.
[2021.10.01-20.36.45:146][  0]LogDerivedDataCache: Unable to find inner node EnterprisePak for hierarchical cache Hierarchy.
[2021.10.01-20.36.45:154][  0]LogDerivedDataCache: Speed tests for C:/Users/Keith Wang/AppData/Local/UnrealEngine/Common/DerivedDataCache took 0.01 seconds
[2021.10.01-20.36.45:154][  0]LogDerivedDataCache: Display: Performance to C:/Users/Keith Wang/AppData/Local/UnrealEngine/Common/DerivedDataCache: Latency=0.03ms. RandomReadSpeed=1336.14MBs, RandomWriteSpeed=137.72MBs. Assigned SpeedClass 'Local'
[2021.10.01-20.36.45:155][  0]LogDerivedDataCache: Using Local data cache path C:/Users/Keith Wang/AppData/Local/UnrealEngine/Common/DerivedDataCache: Writable
[2021.10.01-20.36.45:155][  0]LogDerivedDataCache: Shared data cache path not found in *engine.ini, will not use an Shared cache.
[2021.10.01-20.36.45:155][  0]LogDerivedDataCache: Unable to find inner node Shared for hierarchical cache Hierarchy.
[2021.10.01-20.36.45:202][  0]LogSlate: Using FreeType 2.10.0
[2021.10.01-20.36.45:203][  0]LogSlate: SlateFontServices - WITH_FREETYPE: 1, WITH_HARFBUZZ: 1
[2021.10.01-20.36.45:225][  0]LogAssetRegistry: FAssetRegistry took 0.0025 seconds to start up
[2021.10.01-20.36.45:437][  0]LogInit: Selected Device Profile: [Windows]
[2021.10.01-20.36.45:437][  0]LogInit: Active device profile: [0000021946908C00][0000021946F66940 49] Windows
[2021.10.01-20.36.45:438][  0]LogInit: Profiles: [0000021946908C00][0000021946F66940 49] Windows, [00000219468DA200][0000021946F7CAC0 49] WindowsNoEditor, [0000021946909A00][0000021946F80C40 49] WindowsServer, [00000219468DAF00][0000021946F84DC0 49] WindowsClient, [000002194690A600][0000021946F88F40 49] IOS, [00000219468D8E00][0000021946F8D0C0 49] iPadAir, [0000021946908A00][000002193F9FD240 49] iPadAir2, [000002194683CE00][000002193FA05500 49] IPadPro, [000002194683CF00][000002193FA01540 49] iPadAir3, [00000219468DA300][000002194599D6C0 49] iPadAir4, [000002194683F400][00000219459D5840 49] iPadMini2, [00000219468DB200][00000219457899C0 49] iPadMini3, [000002194683FA00][000002194578DB40 49] iPadMini4, [00000219468DB300][0000021945790140 49] iPadMini5, [0000021946844800][000002193FA48400 49] iPhone6, [0000021946844900][000002193FA44440 49] iPodTouch6, [000002194690B000][00000219457CA700 49] iPhone7, [000002194690B100][000002193FA4C740 49] iPodTouch7, [000002194683F000][0000021946F78880 49] iPhone5S, [000002194683C600][000002193FF889C0 49] iPhone6Plus, [0000021946846800][000002193FF8CB00 49] iPhone6S, [000002194683D600][000002193FF94C80 49] iPhone6SPlus, [0000021946846600][000002193FFA4E00 49] iPhone7Plus, [000002194683C800][000002193FA66F80 49] iPhoneSE, [0000021946846500][000002193FA6B100 49] iPhone8, [000002194683D800][000002193FA6F280 49] iPhone8Plus, [000002194690AA00][0000021946D1F400 49] iPhoneX, [000002194683EA00][0000021946D23580 49] iPhoneXS, [000002194690AD00][0000021946D27700 49] iPhoneXSMax, [000002194683CD00][000002193FAD7880 49] iPhoneXR, [0000021946908200][000002193E021A00 49] iPhone11, [000002194683E400][000002193E025B80 49] iPhone11Pro, [0000021946909100][00000219457C6180 49] iPhone11ProMax, [000002194683C100][0000021945794300 49] iPhoneSE2, [0000021946909600][0000021946D2A480 49] iPhone12Mini, [000002194683CA00][0000021946D2E600 49] iPhone12, [0000021946909500][0000021946D32780 49] iPhone12Pro, [000002194683D100][0000021946D36900 49] iPhone12ProMax, [0000021946909D00][000002193FF90A40 49] iPadPro105, [000002194683D500][0000021946D3AB80 49] iPadPro129, [0000021946908600][0000021946D3ECC0 49] iPadPro97, [000002194683C700][0000021946D46E40 49] iPadPro2_129, [000002194690BE00][000002193FA98FC0 49] iPad5, [000002194683DF00][000002193FA9D140 49] iPad6, [0000021946908800][000002193FAA12C0 49] iPad7, [000002194683F700][000002193FAA5440 49] iPad8, [000002194690A400][000002193FAA95C0 49] iPadPro11, [000002194683C300][000002193FAAD740 49] iPadPro2_11, [0000021946908E00][000002193FAB18C0 49] iPadPro3_129, [000002194683FD00][000002193FAB5A40 49] iPadPro4_129, [000002194690B600][000002193FAB9BC0 49] AppleTV, [000002194683E000][000002193FABC1C0 49] AppleTV4K, [000002194690A500][000002193FA08340 49] TVOS, [000002194683FB00][000002193FA0C4C0 49] Mac, [000002194690A000][000002193FA10640 49] MacClient, [000002194683FC00][000002193FA147C0 49] MacNoEditor, [0000021946908100][000002193FA18940 49] MacServer, [000002194683D200][000002193FA1CAC0 49] Linux, [000002194690BB00][0000021946D42C00 49] LinuxAArch64, [000002194683C200][000002193FA20D40 49] LinuxNoEditor, [0000021946909B00][000002193FA24E80 49] LinuxAArch64NoEditor, [000002194683DA00][000002193FA28FC0 49] LinuxClient, [0000021946909700][000002193FA31140 49] LinuxAArch64Client, [000002194683D000][000002193FA352C0 49] LinuxServer, [000002194690B900][000002193FA39440 49] LinuxAArch64Server, [000002194683DD00][000002193FA3D5C0 49] Android, [0000021946909000][000002193FA41740 49] Android_Low, [000002194683D900][0000021946CB58C0 49] Android_Mid, [000002194690B800][0000021946CB9A40 49] Android_High, [000002194683E600][0000021946CBDBC0 49] Android_Default, [0000021946909200][0000021946CC01C0 49] Android_Adreno4xx, [000002194683EE00][0000021946CC4340 49] Android_Adreno5xx_Low, [0000021946908300][0000021946CC84C0 49] Android_Adreno5xx, [0000021946847800][0000021946CCC640 49] Android_Adreno6xx, [00000219468DB700][0000021946CD07C0 49] Android_Adreno6xx_Vulkan, [0000021946845000][0000021946CD4940 49] Android_Mali_T6xx, [00000219468DAE00][0000021946CD8AC0 49] Android_Mali_T7xx, [0000021946845400][0000021946CDCC40 49] Android_Mali_T8xx, [00000219468D9A00][000002193FA2CD80 49] Android_Mali_G71, [0000021946844E00][0000021946CE0EC0 49] Android_Mali_G72, [00000219468DB900][0000021946CE5000 49] Android_Mali_G72_Vulkan, [0000021946844400][0000021946CE9140 49] Android_Mali_G76, [00000219468DBD00][0000021946CF12C0 49] Android_Mali_G76_Vulkan, [0000021946847400][0000021946CF5440 49] Android_Mali_G77, [00000219468DA900][0000021946CF95C0 49] Android_Mali_G77_Vulkan, [0000021946844B00][0000021946CFD740 49] Android_Mali_G78, [00000219468DB400][0000021946D018C0 49] Android_Mali_G78_Vulkan, [0000021946847900][0000021946D05A40 49] Android_Mali_G710, [00000219468D8F00][0000021946D09BC0 49] Android_Mali_G710_Vulkan, [0000021946844F00][0000021946D0C1C0 49] Android_Vulkan_SM5, [00000219468DBE00][0000021946D10340 49] Android_PowerVR_G6xxx, [0000021946845500][0000021946D144C0 49] Android_PowerVR_GT7xxx, [00000219468D8100][0000021946D18640 49] Android_PowerVR_GE8xxx, [0000021946846B00][0000021946EDC7C0 49] Android_PowerVR_GM9xxx, [00000219468D8D00][0000021946EE0940 49] Android_PowerVR_GM9xxx_Vulkan, [0000021946844100][0000021946EE4AC0 49] Android_TegraK1, [00000219468DA600][0000021946EE8C40 49] Android_Unknown_Vulkan, [0000021946845100][0000021946EECDC0 49] Lumin, [00000219468D8300][0000021946EF0F40 49] Lumin_Desktop, [0000021946845300][0000021946CED080 49] HoloLens, 
[2021.10.01-20.36.45:549][  0]LogMeshReduction: Using QuadricMeshReduction for automatic static mesh reduction
[2021.10.01-20.36.45:549][  0]LogMeshReduction: Using SimplygonMeshReduction for automatic skeletal mesh reduction
[2021.10.01-20.36.45:549][  0]LogMeshReduction: Using ProxyLODMeshReduction for automatic mesh merging
[2021.10.01-20.36.45:549][  0]LogMeshReduction: No distributed automatic mesh merging module available
[2021.10.01-20.36.45:549][  0]LogMeshMerging: No distributed automatic mesh merging module available
[2021.10.01-20.36.45:562][  0]LogNetVersion: NonEuclidPlayGround 1.0.0, NetCL: 17155196, EngineNetVer: 17, GameNetVer: 0 (Checksum: 418020361)
[2021.10.01-20.36.45:909][  0]LogTexture: Default maximum texture size for cubemaps generated from long-lat sources has been changed from 512 to unlimited. In order to preserve old behaiour for '/Engine/MapTemplates/Sky/DaylightAmbientCubemap.DaylightAmbientCubemap', its maximum texture size has been explicitly set to 512.
[2021.10.01-20.36.45:959][  0]LogHMD: PokeAHoleMaterial loaded successfully
[2021.10.01-20.36.45:964][  0]LogUObjectArray: 17178 objects as part of root set at end of initial load.
[2021.10.01-20.36.45:964][  0]LogUObjectAllocator: 4301856 out of 0 bytes used by permanent object pool.
[2021.10.01-20.36.45:964][  0]LogUObjectArray: CloseDisregardForGC: 0/0 objects in disregard for GC pool
[2021.10.01-20.36.46:226][  0]LogPython: Using Python 3.7.7
[2021.10.01-20.36.48:122][  0]LogTcpMessaging: Initializing TcpMessaging bridge
[2021.10.01-20.36.48:125][  0]LogUdpMessaging: Initializing bridge on interface 0.0.0.0:0 to multicast group 230.0.0.1:6666.
[2021.10.01-20.36.48:147][  0]LogNiagaraDebuggerClient: Niagara Debugger Client Initialized | Session: 5327B5944A907309D71687AC7B09A448 | Instance: 5083615843900ADE305650973D150229 (KEITHWANG-108384).
[2021.10.01-20.36.48:306][  0]LogStreaming: Warning: Failed to read file '../../../Engine/Content/Editor/Slate/Niagara/MenuSeparator.png' error.
[2021.10.01-20.36.48:306][  0]LogSlate: Could not find file for Slate resource: ../../../Engine/Content/Editor/Slate/Niagara/MenuSeparator.png
[2021.10.01-20.36.48:307][  0]LogStreaming: Warning: Failed to read file '../../../Engine/Content/Editor/Slate/Niagara/Common/Selector.png' error.
[2021.10.01-20.36.48:307][  0]LogSlate: Could not find file for Slate resource: ../../../Engine/Content/Editor/Slate/Niagara/Common/Selector.png
[2021.10.01-20.36.48:307][  0]LogStreaming: Warning: Failed to read file '../../../Engine/Content/Editor/Slate/Niagara/Common/Selection.png' error.
[2021.10.01-20.36.48:307][  0]LogSlate: Could not find file for Slate resource: ../../../Engine/Content/Editor/Slate/Niagara/Common/Selection.png
[2021.10.01-20.36.48:307][  0]LogStreaming: Warning: Failed to read file '../../../Engine/Content/Editor/Slate/Niagara/Common/DropZoneIndicator_Above.png' error.
[2021.10.01-20.36.48:307][  0]LogSlate: Could not find file for Slate resource: ../../../Engine/Content/Editor/Slate/Niagara/Common/DropZoneIndicator_Above.png
[2021.10.01-20.36.48:307][  0]LogStreaming: Warning: Failed to read file '../../../Engine/Content/Editor/Slate/Niagara/Common/DropZoneIndicator_Onto.png' error.
[2021.10.01-20.36.48:307][  0]LogSlate: Could not find file for Slate resource: ../../../Engine/Content/Editor/Slate/Niagara/Common/DropZoneIndicator_Onto.png
[2021.10.01-20.36.48:307][  0]LogStreaming: Warning: Failed to read file '../../../Engine/Content/Editor/Slate/Niagara/Common/DropZoneIndicator_Below.png' error.
[2021.10.01-20.36.48:307][  0]LogSlate: Could not find file for Slate resource: ../../../Engine/Content/Editor/Slate/Niagara/Common/DropZoneIndicator_Below.png
[2021.10.01-20.36.48:307][  0]LogStreaming: Warning: Failed to read file '../../../Engine/Content/Editor/Slate/Niagara/Common/RoundedSelection_16x.png' error.
[2021.10.01-20.36.48:307][  0]LogSlate: Could not find file for Slate resource: ../../../Engine/Content/Editor/Slate/Niagara/Common/RoundedSelection_16x.png
[2021.10.01-20.36.48:307][  0]LogStreaming: Warning: Failed to read file '../../../Engine/Content/Editor/Slate/Niagara/Common/FlatButton.png' error.
[2021.10.01-20.36.48:307][  0]LogSlate: Could not find file for Slate resource: ../../../Engine/Content/Editor/Slate/Niagara/Common/FlatButton.png
[2021.10.01-20.36.48:307][  0]LogImageWrapper: Warning: PNG Warning: Duplicate iCCP chunk
[2021.10.01-20.36.48:307][  0]LogImageWrapper: Warning: PNG Warning: Duplicate iCCP chunk
[2021.10.01-20.36.48:307][  0]SourceControl: Source control is disabled
[2021.10.01-20.36.48:307][  0]SourceControl: Source control is disabled
[2021.10.01-20.36.48:309][  0]SourceControl: Source control is disabled
[2021.10.01-20.36.48:311][  0]SourceControl: Source control is disabled
[2021.10.01-20.36.48:320][  0]SourceControl: Source control is disabled
[2021.10.01-20.36.48:325][  0]LogUProjectInfo: Found projects:
[2021.10.01-20.36.48:484][  0]LogOpenImageDenoise: OIDN starting up
[2021.10.01-20.36.48:518][  0]LogAndroidPermission: UAndroidPermissionCallbackProxy::GetInstance
[2021.10.01-20.36.48:534][  0]LogAudioCaptureCore: Display: No Audio Capture implementations found. Audio input will be silent.
[2021.10.01-20.36.48:534][  0]LogAudioCaptureCore: Display: No Audio Capture implementations found. Audio input will be silent.
[2021.10.01-20.36.48:640][  0]LogCollectionManager: Loaded 0 collections in 0.000659 seconds
[2021.10.01-20.36.48:660][  0]LogFileCache: Scanning file cache for directory 'D:/Git/UE4NonEuclid/NonEuclidPlayGround/Saved/Collections/' took 0.00s
[2021.10.01-20.36.48:660][  0]LogFileCache: Scanning file cache for directory 'D:/Git/UE4NonEuclid/NonEuclidPlayGround/Content/Developers/KeithWang/Collections/' took 0.00s
[2021.10.01-20.36.48:660][  0]LogFileCache: Scanning file cache for directory 'D:/Git/UE4NonEuclid/NonEuclidPlayGround/Content/Collections/' took 0.00s
[2021.10.01-20.36.48:660][  0]LogOcInput: OculusInput pre-init called
[2021.10.01-20.36.48:887][  0]LogStreaming: Warning: Failed to read file '../../../Engine/Content/Editor/Slate/Niagara/MenuSeparator.png' error.
[2021.10.01-20.36.48:887][  0]LogSlate: Could not find file for Slate resource: ../../../Engine/Content/Editor/Slate/Niagara/MenuSeparator.png
[2021.10.01-20.36.48:887][  0]LogStreaming: Warning: Failed to read file '../../../Engine/Content/Editor/Slate/Niagara/Common/Selector.png' error.
[2021.10.01-20.36.48:887][  0]LogSlate: Could not find file for Slate resource: ../../../Engine/Content/Editor/Slate/Niagara/Common/Selector.png
[2021.10.01-20.36.48:888][  0]LogStreaming: Warning: Failed to read file '../../../Engine/Content/Editor/Slate/Niagara/Common/Selection.png' error.
[2021.10.01-20.36.48:888][  0]LogSlate: Could not find file for Slate resource: ../../../Engine/Content/Editor/Slate/Niagara/Common/Selection.png
[2021.10.01-20.36.48:888][  0]LogStreaming: Warning: Failed to read file '../../../Engine/Content/Editor/Slate/Niagara/Common/DropZoneIndicator_Above.png' error.
[2021.10.01-20.36.48:888][  0]LogSlate: Could not find file for Slate resource: ../../../Engine/Content/Editor/Slate/Niagara/Common/DropZoneIndicator_Above.png
[2021.10.01-20.36.48:888][  0]LogStreaming: Warning: Failed to read file '../../../Engine/Content/Editor/Slate/Niagara/Common/DropZoneIndicator_Onto.png' error.
[2021.10.01-20.36.48:888][  0]LogSlate: Could not find file for Slate resource: ../../../Engine/Content/Editor/Slate/Niagara/Common/DropZoneIndicator_Onto.png
[2021.10.01-20.36.48:888][  0]LogStreaming: Warning: Failed to read file '../../../Engine/Content/Editor/Slate/Niagara/Common/DropZoneIndicator_Below.png' error.
[2021.10.01-20.36.48:888][  0]LogSlate: Could not find file for Slate resource: ../../../Engine/Content/Editor/Slate/Niagara/Common/DropZoneIndicator_Below.png
[2021.10.01-20.36.48:888][  0]LogStreaming: Warning: Failed to read file '../../../Engine/Content/Editor/Slate/Niagara/Common/RoundedSelection_16x.png' error.
[2021.10.01-20.36.48:888][  0]LogSlate: Could not find file for Slate resource: ../../../Engine/Content/Editor/Slate/Niagara/Common/RoundedSelection_16x.png
[2021.10.01-20.36.48:888][  0]LogStreaming: Warning: Failed to read file '../../../Engine/Content/Editor/Slate/Niagara/Common/FlatButton.png' error.
[2021.10.01-20.36.48:888][  0]LogSlate: Could not find file for Slate resource: ../../../Engine/Content/Editor/Slate/Niagara/Common/FlatButton.png
[2021.10.01-20.36.48:888][  0]LogImageWrapper: Warning: PNG Warning: Duplicate iCCP chunk
[2021.10.01-20.36.48:888][  0]LogImageWrapper: Warning: PNG Warning: Duplicate iCCP chunk
[2021.10.01-20.36.48:888][  0]LogEngine: Initializing Engine...
[2021.10.01-20.36.48:899][  0]LogHMD: Optional extension XR_KHR_opengl_enable is not available
[2021.10.01-20.36.48:899][  0]LogHMD: Optional extension XR_KHR_vulkan_enable is not available
[2021.10.01-20.36.48:899][  0]LogHMD: Optional extension XR_VARJO_quad_views is not available
[2021.10.01-20.36.48:902][  0]LogHMD: Failed to get an OpenXR system, result is XR_ERROR_FORM_FACTOR_UNAVAILABLE. Please check that your runtime supports VR headsets.
[2021.10.01-20.36.48:902][  0]LogHMD: Failed to initialize OpenVR with code 102
[2021.10.01-20.36.48:902][  0]LogMagicLeap: Warning: VR disabled because ZI is not enabled.  To enable, in the editor, Edit -> Project Settings -> Plugins -> Magic Leap Plugin -> Enable Zero Iteration
[2021.10.01-20.36.48:903][  0]LogStats: UGameplayTagsManager::InitializeManager -  0.000 s
[2021.10.01-20.36.49:015][  0]LogInit: Initializing FReadOnlyCVARCache
[2021.10.01-20.36.49:021][  0]LogAIModule: Creating AISystem for world Untitled
[2021.10.01-20.36.49:023][  0]LogAudio: Display: Initializing Audio Device Manager...
[2021.10.01-20.36.49:025][  0]LogAudio: Display: Loading Default Audio Settings Objects...
[2021.10.01-20.36.49:025][  0]LogAudio: Display: No default SoundConcurrencyObject specified (or failed to load).
[2021.10.01-20.36.49:026][  0]LogAudio: Display: Audio Device Manager Initialized
[2021.10.01-20.36.49:026][  0]LogAudio: Display: Creating Audio Device:                 Id: 1, Scope: Shared, Realtime: True
[2021.10.01-20.36.49:026][  0]LogAudioMixer: Display: Audio Mixer Platform Settings:
[2021.10.01-20.36.49:026][  0]LogAudioMixer: Display: 	Sample Rate:						  48000
[2021.10.01-20.36.49:026][  0]LogAudioMixer: Display: 	Callback Buffer Frame Size Requested: 1024
[2021.10.01-20.36.49:026][  0]LogAudioMixer: Display: 	Callback Buffer Frame Size To Use:	  1024
[2021.10.01-20.36.49:026][  0]LogAudioMixer: Display: 	Number of buffers to queue:			  2
[2021.10.01-20.36.49:026][  0]LogAudioMixer: Display: 	Max Channels (voices):				  32
[2021.10.01-20.36.49:026][  0]LogAudioMixer: Display: 	Number of Async Source Workers:		  0
[2021.10.01-20.36.49:026][  0]LogAudio: Display: AudioDevice MaxSources: 32
[2021.10.01-20.36.49:026][  0]LogAudio: Display: Audio Spatialization Plugin: None (built-in).
[2021.10.01-20.36.49:026][  0]LogAudio: Display: Audio Reverb Plugin: None (built-in).
[2021.10.01-20.36.49:026][  0]LogAudio: Display: Audio Occlusion Plugin: None (built-in).
[2021.10.01-20.36.49:026][  0]LogAudioMixer: Display: Initializing audio mixer.
[2021.10.01-20.36.49:128][  0]LogAudioMixer: Display: 0: FrontLeft
[2021.10.01-20.36.49:128][  0]LogAudioMixer: Display: 1: FrontRight
[2021.10.01-20.36.49:128][  0]LogAudioMixer: Display: 2: FrontCenter
[2021.10.01-20.36.49:128][  0]LogAudioMixer: Display: 3: LowFrequency
[2021.10.01-20.36.49:128][  0]LogAudioMixer: Display: 4: BackLeft
[2021.10.01-20.36.49:128][  0]LogAudioMixer: Display: 5: BackRight
[2021.10.01-20.36.49:128][  0]LogAudioMixer: Display: 6: SideLeft
[2021.10.01-20.36.49:128][  0]LogAudioMixer: Display: 7: SideRight
[2021.10.01-20.36.49:938][  0]LogAudioMixer: Display: Using Audio Device Speakers/Headphones (Realtek(R) Audio)
[2021.10.01-20.36.49:941][  0]LogAudioMixer: Display: Initializing Sound Submixes...
[2021.10.01-20.36.49:943][  0]LogAudioMixer: Display: Creating Master Submix 'MasterSubmixDefault'
[2021.10.01-20.36.49:943][  0]LogAudioMixer: Display: Creating Master Submix 'MasterReverbSubmixDefault'
[2021.10.01-20.36.49:944][  0]LogAudioMixer: Display: Creating Master Submix 'MasterEQSubmixDefault'
[2021.10.01-20.36.49:944][  0]LogAudioMixer: FMixerPlatformXAudio2::StartAudioStream() called
[2021.10.01-20.36.49:944][  0]LogAudioMixer: Display: Output buffers initialized: Frames=1024, Channels=8, Samples=8192
[2021.10.01-20.36.49:945][  0]LogAudioMixer: Display: Starting AudioMixerPlatformInterface::RunInternal()
[2021.10.01-20.36.49:945][  0]LogAudioMixer: Display: FMixerPlatformXAudio2::SubmitBuffer() called for the first time
[2021.10.01-20.36.49:945][  0]LogInit: FAudioDevice initialized.
[2021.10.01-20.36.49:945][  0]LogAudio: Display: Audio Device (ID: 1) registered with world 'Untitled'.
[2021.10.01-20.36.49:945][  0]LogNetVersion: Set ProjectVersion to 1.0.0.0. Version Checksum will be recalculated on next use.
[2021.10.01-20.36.49:989][  0]LogDerivedDataCache: Saved boot cache 0.04s 95MB C:/Users/Keith Wang/AppData/Local/UnrealEngine/4.27/DerivedDataCache/Boot.ddc.
[2021.10.01-20.36.49:992][  0]LogInit: Texture streaming: Enabled
[2021.10.01-20.36.50:001][  0]LogAnalytics: Display: [UEEditor.Rocket.Release] APIServer = https://datarouter.ol.epicgames.com/. AppVersion = 4.27.0-17155196+++UE4+Release-4.27
[2021.10.01-20.36.50:004][  0]LogEngineSessionManager: EngineSessionManager initialized
[2021.10.01-20.36.50:004][  0]LogEditorSessionSummary: Verbose: Initializing EditorSessionSummaryWriter for editor session tracking
[2021.10.01-20.36.50:007][  0]LogEditorSessionSummary: EditorSessionSummaryWriter initialized
[2021.10.01-20.36.50:030][  0]LogInit: Transaction tracking system initialized
[2021.10.01-20.36.50:045][  0]BlueprintLog: New page: Editor Load
[2021.10.01-20.36.50:089][  0]LocalizationService: Localization service is disabled
[2021.10.01-20.36.50:106][  0]TimingProfiler: Initialize
[2021.10.01-20.36.50:106][  0]TimingProfiler: OnSessionChanged
[2021.10.01-20.36.50:106][  0]LoadingProfiler: Initialize
[2021.10.01-20.36.50:106][  0]LoadingProfiler: OnSessionChanged
[2021.10.01-20.36.50:106][  0]NetworkingProfiler: Initialize
[2021.10.01-20.36.50:106][  0]NetworkingProfiler: OnSessionChanged
[2021.10.01-20.36.50:106][  0]MemoryProfiler: Initialize
[2021.10.01-20.36.50:106][  0]MemoryProfiler: OnSessionChanged
[2021.10.01-20.36.50:223][  0]LogCook: Display: CookSettings for Memory: MemoryMaxUsedVirtual 0MiB, MemoryMaxUsedPhysical 16384MiB, MemoryMinFreeVirtual 0MiB, MemoryMinFreePhysical 1024MiB
[2021.10.01-20.36.50:223][  0]LogCook: Display: Mobile HDR setting 1
[2021.10.01-20.36.50:366][  0]LogFileCache: Scanning file cache for directory 'D:/Git/UE4NonEuclid/NonEuclidPlayGround/Content/' took 0.00s
[2021.10.01-20.36.50:542][  0]LogStreaming: Warning: Failed to read file '../../../Engine/Content/Editor/Slate/Niagara/MenuSeparator.png' error.
[2021.10.01-20.36.50:542][  0]LogSlate: Could not find file for Slate resource: ../../../Engine/Content/Editor/Slate/Niagara/MenuSeparator.png
[2021.10.01-20.36.50:542][  0]LogStreaming: Warning: Failed to read file '../../../Engine/Content/Editor/Slate/Niagara/Common/Selector.png' error.
[2021.10.01-20.36.50:542][  0]LogSlate: Could not find file for Slate resource: ../../../Engine/Content/Editor/Slate/Niagara/Common/Selector.png
[2021.10.01-20.36.50:542][  0]LogStreaming: Warning: Failed to read file '../../../Engine/Content/Editor/Slate/Niagara/Common/Selection.png' error.
[2021.10.01-20.36.50:542][  0]LogSlate: Could not find file for Slate resource: ../../../Engine/Content/Editor/Slate/Niagara/Common/Selection.png
[2021.10.01-20.36.50:542][  0]LogStreaming: Warning: Failed to read file '../../../Engine/Content/Editor/Slate/Niagara/Common/DropZoneIndicator_Onto.png' error.
[2021.10.01-20.36.50:542][  0]LogSlate: Could not find file for Slate resource: ../../../Engine/Content/Editor/Slate/Niagara/Common/DropZoneIndicator_Onto.png
[2021.10.01-20.36.50:542][  0]LogStreaming: Warning: Failed to read file '../../../Engine/Content/Editor/Slate/Niagara/Common/DropZoneIndicator_Below.png' error.
[2021.10.01-20.36.50:542][  0]LogSlate: Could not find file for Slate resource: ../../../Engine/Content/Editor/Slate/Niagara/Common/DropZoneIndicator_Below.png
[2021.10.01-20.36.50:542][  0]LogStreaming: Warning: Failed to read file '../../../Engine/Content/Editor/Slate/Niagara/Common/DropZoneIndicator_Above.png' error.
[2021.10.01-20.36.50:542][  0]LogSlate: Could not find file for Slate resource: ../../../Engine/Content/Editor/Slate/Niagara/Common/DropZoneIndicator_Above.png
[2021.10.01-20.36.50:542][  0]LogStreaming: Warning: Failed to read file '../../../Engine/Content/Editor/Slate/Niagara/Common/FlatButton.png' error.
[2021.10.01-20.36.50:542][  0]LogSlate: Could not find file for Slate resource: ../../../Engine/Content/Editor/Slate/Niagara/Common/FlatButton.png
[2021.10.01-20.36.50:542][  0]LogStreaming: Warning: Failed to read file '../../../Engine/Content/Editor/Slate/Niagara/Common/RoundedSelection_16x.png' error.
[2021.10.01-20.36.50:542][  0]LogSlate: Could not find file for Slate resource: ../../../Engine/Content/Editor/Slate/Niagara/Common/RoundedSelection_16x.png
[2021.10.01-20.36.50:542][  0]LogImageWrapper: Warning: PNG Warning: Duplicate iCCP chunk
[2021.10.01-20.36.50:542][  0]LogImageWrapper: Warning: PNG Warning: Duplicate iCCP chunk
[2021.10.01-20.36.50:542][  0]LogInit: Display: Engine is initialized. Leaving FEngineLoop::Init()
[2021.10.01-20.36.50:544][  0]SourceControl: Source control is disabled
[2021.10.01-20.36.50:544][  0]LogUnrealEdMisc: Loading editor; pre map load, took 9.056
[2021.10.01-20.36.50:545][  0]Cmd: MAP LOAD FILE="../../../../Git/UE4NonEuclid/NonEuclidPlayGround/Content/FirstPersonBP/Maps/FirstPersonExampleMap.umap" TEMPLATE=0 SHOWPROGRESS=1 FEATURELEVEL=3
[2021.10.01-20.36.50:545][  0]LightingResults: New page: Lighting Build
[2021.10.01-20.36.50:546][  0]LogWorld: UWorld::CleanupWorld for Untitled, bSessionEnded=true, bCleanupResources=true
[2021.10.01-20.36.50:546][  0]LogSlate: InvalidateAllWidgets triggered.  All widgets were invalidated
[2021.10.01-20.36.50:546][  0]MapCheck: New page: Map Check
[2021.10.01-20.36.50:546][  0]LightingResults: New page: Lighting Build
[2021.10.01-20.36.50:551][  0]LogAudio: Display: Audio Device unregistered from world 'None'.
[2021.10.01-20.36.50:553][  0]LogUObjectHash: Compacting FUObjectHashTables data took   0.71ms
[2021.10.01-20.36.50:782][  0]LogAudio: Display: Audio Device (ID: 1) registered with world 'FirstPersonExampleMap'.
[2021.10.01-20.36.50:783][  0]LogAIModule: Creating AISystem for world FirstPersonExampleMap
[2021.10.01-20.36.50:795][  0]LogEditorServer: Finished looking for orphan Actors (0.000 secs)
[2021.10.01-20.36.50:806][  0]LogUObjectHash: Compacting FUObjectHashTables data took   0.92ms
[2021.10.01-20.36.50:806][  0]Cmd: MAP CHECKDEP NOCLEARLOG
[2021.10.01-20.36.50:806][  0]MapCheck: Map check complete: 0 Error(s), 0 Warning(s), took 0.097ms to complete.
[2021.10.01-20.36.50:806][  0]LogFileHelpers: Loading map 'FirstPersonExampleMap' took 0.261
[2021.10.01-20.36.50:807][  0]LogUnrealEdMisc: Total Editor Startup Time, took 9.319
[2021.10.01-20.36.50:927][  0]LogSlate: Updating window title bar state: overlay mode, drag disabled, window buttons hidden, title bar hidden
[2021.10.01-20.36.50:933][  0]LogSlate: Updating window title bar state: overlay mode, drag disabled, window buttons hidden, title bar hidden
[2021.10.01-20.36.50:938][  0]LogSlate: Updating window title bar state: overlay mode, drag disabled, window buttons hidden, title bar hidden
[2021.10.01-20.36.50:943][  0]LogSlate: Updating window title bar state: overlay mode, drag disabled, window buttons hidden, title bar hidden
[2021.10.01-20.36.50:955][  0]LogNativeClassHierarchy: Verbose: Native class hierarchy populated in 0.0085 seconds. Added 3822 classes and 928 folders.
[2021.10.01-20.36.50:957][  0]LogNativeClassHierarchy: Verbose: Native class hierarchy updated for 'WidgetCarousel' in 0.0002 seconds. Added 0 classes and 0 folders.
[2021.10.01-20.36.50:958][  0]LogPakFile: PakFile PrimaryIndexSize=187
[2021.10.01-20.36.50:958][  0]LogPakFile: PakFile PathHashIndexSize=101
[2021.10.01-20.36.50:958][  0]LogPakFile: PakFile FullDirectoryIndexSize=148
[2021.10.01-20.36.50:958][  0]LogShaderLibrary: Display: ShaderCodeLibraryPakFileMountedCallback: PakFile 'D:/UE_4.27/FeaturePacks/FP_FirstPerson.upack' (chunk index -1, root 'root:/') mounted
[2021.10.01-20.36.50:958][  0]LogShaderLibrary: Display: ShaderCodeLibraryPakFileMountedCallback: pending pak file info (ChunkID:-1 Root:root:/ File:D:/UE_4.27/FeaturePacks/FP_FirstPerson.upack)
[2021.10.01-20.36.50:958][  0]LogPakFile: OnPakFileMounted2Time == 0.000055
[2021.10.01-20.36.50:959][  0]LogPakFile: PakFile PrimaryIndexSize=189
[2021.10.01-20.36.50:959][  0]LogPakFile: PakFile PathHashIndexSize=101
[2021.10.01-20.36.50:959][  0]LogPakFile: PakFile FullDirectoryIndexSize=152
[2021.10.01-20.36.50:959][  0]LogShaderLibrary: Display: ShaderCodeLibraryPakFileMountedCallback: PakFile 'D:/UE_4.27/FeaturePacks/FP_FirstPersonBP.upack' (chunk index -1, root 'root:/') mounted
[2021.10.01-20.36.50:959][  0]LogShaderLibrary: Display: ShaderCodeLibraryPakFileMountedCallback: pending pak file info (ChunkID:-1 Root:root:/ File:D:/UE_4.27/FeaturePacks/FP_FirstPersonBP.upack)
[2021.10.01-20.36.50:959][  0]LogPakFile: OnPakFileMounted2Time == 0.000036
[2021.10.01-20.36.50:959][  0]LogPakFile: PakFile PrimaryIndexSize=191
[2021.10.01-20.36.50:959][  0]LogPakFile: PakFile PathHashIndexSize=101
[2021.10.01-20.36.50:959][  0]LogPakFile: PakFile FullDirectoryIndexSize=160
[2021.10.01-20.36.50:959][  0]LogShaderLibrary: Display: ShaderCodeLibraryPakFileMountedCallback: PakFile 'D:/UE_4.27/FeaturePacks/MobileStarterContent.upack' (chunk index -1, root 'root:/') mounted
[2021.10.01-20.36.50:959][  0]LogShaderLibrary: Display: ShaderCodeLibraryPakFileMountedCallback: pending pak file info (ChunkID:-1 Root:root:/ File:D:/UE_4.27/FeaturePacks/MobileStarterContent.upack)
[2021.10.01-20.36.50:959][  0]LogPakFile: OnPakFileMounted2Time == 0.000033
[2021.10.01-20.36.50:960][  0]LogPakFile: PakFile PrimaryIndexSize=185
[2021.10.01-20.36.50:960][  0]LogPakFile: PakFile PathHashIndexSize=101
[2021.10.01-20.36.50:960][  0]LogPakFile: PakFile FullDirectoryIndexSize=148
[2021.10.01-20.36.50:960][  0]LogShaderLibrary: Display: ShaderCodeLibraryPakFileMountedCallback: PakFile 'D:/UE_4.27/FeaturePacks/StarterContent.upack' (chunk index -1, root 'root:/') mounted
[2021.10.01-20.36.50:960][  0]LogShaderLibrary: Display: ShaderCodeLibraryPakFileMountedCallback: pending pak file info (ChunkID:-1 Root:root:/ File:D:/UE_4.27/FeaturePacks/StarterContent.upack)
[2021.10.01-20.36.50:960][  0]LogPakFile: OnPakFileMounted2Time == 0.000034
[2021.10.01-20.36.50:960][  0]LogPakFile: PakFile PrimaryIndexSize=190
[2021.10.01-20.36.50:960][  0]LogPakFile: PakFile PathHashIndexSize=101
[2021.10.01-20.36.50:960][  0]LogPakFile: PakFile FullDirectoryIndexSize=154
[2021.10.01-20.36.50:960][  0]LogShaderLibrary: Display: ShaderCodeLibraryPakFileMountedCallback: PakFile 'D:/UE_4.27/FeaturePacks/TP_2DSideScroller.upack' (chunk index -1, root 'root:/') mounted
[2021.10.01-20.36.50:960][  0]LogShaderLibrary: Display: ShaderCodeLibraryPakFileMountedCallback: pending pak file info (ChunkID:-1 Root:root:/ File:D:/UE_4.27/FeaturePacks/TP_2DSideScroller.upack)
[2021.10.01-20.36.50:960][  0]LogPakFile: OnPakFileMounted2Time == 0.000032
[2021.10.01-20.36.50:961][  0]LogPakFile: PakFile PrimaryIndexSize=192
[2021.10.01-20.36.50:961][  0]LogPakFile: PakFile PathHashIndexSize=101
[2021.10.01-20.36.50:961][  0]LogPakFile: PakFile FullDirectoryIndexSize=158
[2021.10.01-20.36.50:961][  0]LogShaderLibrary: Display: ShaderCodeLibraryPakFileMountedCallback: PakFile 'D:/UE_4.27/FeaturePacks/TP_2DSideScrollerBP.upack' (chunk index -1, root 'root:/') mounted
[2021.10.01-20.36.50:961][  0]LogShaderLibrary: Display: ShaderCodeLibraryPakFileMountedCallback: pending pak file info (ChunkID:-1 Root:root:/ File:D:/UE_4.27/FeaturePacks/TP_2DSideScrollerBP.upack)
[2021.10.01-20.36.50:961][  0]LogPakFile: OnPakFileMounted2Time == 0.000032
[2021.10.01-20.36.50:961][  0]LogPakFile: PakFile PrimaryIndexSize=182
[2021.10.01-20.36.50:961][  0]LogPakFile: PakFile PathHashIndexSize=101
[2021.10.01-20.36.50:961][  0]LogPakFile: PakFile FullDirectoryIndexSize=138
[2021.10.01-20.36.50:961][  0]LogShaderLibrary: Display: ShaderCodeLibraryPakFileMountedCallback: PakFile 'D:/UE_4.27/FeaturePacks/TP_Flying.upack' (chunk index -1, root 'root:/') mounted
[2021.10.01-20.36.50:961][  0]LogShaderLibrary: Display: ShaderCodeLibraryPakFileMountedCallback: pending pak file info (ChunkID:-1 Root:root:/ File:D:/UE_4.27/FeaturePacks/TP_Flying.upack)
[2021.10.01-20.36.50:961][  0]LogPakFile: OnPakFileMounted2Time == 0.000032
[2021.10.01-20.36.50:962][  0]LogPakFile: PakFile PrimaryIndexSize=184
[2021.10.01-20.36.50:962][  0]LogPakFile: PakFile PathHashIndexSize=101
[2021.10.01-20.36.50:962][  0]LogPakFile: PakFile FullDirectoryIndexSize=142
[2021.10.01-20.36.50:962][  0]LogShaderLibrary: Display: ShaderCodeLibraryPakFileMountedCallback: PakFile 'D:/UE_4.27/FeaturePacks/TP_FlyingBP.upack' (chunk index -1, root 'root:/') mounted
[2021.10.01-20.36.50:962][  0]LogShaderLibrary: Display: ShaderCodeLibraryPakFileMountedCallback: pending pak file info (ChunkID:-1 Root:root:/ File:D:/UE_4.27/FeaturePacks/TP_FlyingBP.upack)
[2021.10.01-20.36.50:962][  0]LogPakFile: OnPakFileMounted2Time == 0.000032
[2021.10.01-20.36.50:962][  0]LogPakFile: PakFile PrimaryIndexSize=188
[2021.10.01-20.36.50:962][  0]LogPakFile: PakFile PathHashIndexSize=101
[2021.10.01-20.36.50:962][  0]LogPakFile: PakFile FullDirectoryIndexSize=150
[2021.10.01-20.36.50:962][  0]LogShaderLibrary: Display: ShaderCodeLibraryPakFileMountedCallback: PakFile 'D:/UE_4.27/FeaturePacks/TP_HandheldARBP.upack' (chunk index -1, root 'root:/') mounted
[2021.10.01-20.36.50:962][  0]LogShaderLibrary: Display: ShaderCodeLibraryPakFileMountedCallback: pending pak file info (ChunkID:-1 Root:root:/ File:D:/UE_4.27/FeaturePacks/TP_HandheldARBP.upack)
[2021.10.01-20.36.50:962][  0]LogPakFile: OnPakFileMounted2Time == 0.000035
[2021.10.01-20.36.50:963][  0]LogPakFile: PakFile PrimaryIndexSize=182
[2021.10.01-20.36.50:963][  0]LogPakFile: PakFile PathHashIndexSize=101
[2021.10.01-20.36.50:963][  0]LogPakFile: PakFile FullDirectoryIndexSize=138
[2021.10.01-20.36.50:963][  0]LogShaderLibrary: Display: ShaderCodeLibraryPakFileMountedCallback: PakFile 'D:/UE_4.27/FeaturePacks/TP_Puzzle.upack' (chunk index -1, root 'root:/') mounted
[2021.10.01-20.36.50:963][  0]LogShaderLibrary: Display: ShaderCodeLibraryPakFileMountedCallback: pending pak file info (ChunkID:-1 Root:root:/ File:D:/UE_4.27/FeaturePacks/TP_Puzzle.upack)
[2021.10.01-20.36.50:963][  0]LogPakFile: OnPakFileMounted2Time == 0.000033
[2021.10.01-20.36.50:963][  0]LogPakFile: PakFile PrimaryIndexSize=184
[2021.10.01-20.36.50:963][  0]LogPakFile: PakFile PathHashIndexSize=101
[2021.10.01-20.36.50:963][  0]LogPakFile: PakFile FullDirectoryIndexSize=142
[2021.10.01-20.36.50:963][  0]LogShaderLibrary: Display: ShaderCodeLibraryPakFileMountedCallback: PakFile 'D:/UE_4.27/FeaturePacks/TP_PuzzleBP.upack' (chunk index -1, root 'root:/') mounted
[2021.10.01-20.36.50:963][  0]LogShaderLibrary: Display: ShaderCodeLibraryPakFileMountedCallback: pending pak file info (ChunkID:-1 Root:root:/ File:D:/UE_4.27/FeaturePacks/TP_PuzzleBP.upack)
[2021.10.01-20.36.50:963][  0]LogPakFile: OnPakFileMounted2Time == 0.000032
[2021.10.01-20.36.50:964][  0]LogPakFile: PakFile PrimaryIndexSize=183
[2021.10.01-20.36.50:964][  0]LogPakFile: PakFile PathHashIndexSize=101
[2021.10.01-20.36.50:964][  0]LogPakFile: PakFile FullDirectoryIndexSize=140
[2021.10.01-20.36.50:964][  0]LogShaderLibrary: Display: ShaderCodeLibraryPakFileMountedCallback: PakFile 'D:/UE_4.27/FeaturePacks/TP_Rolling.upack' (chunk index -1, root 'root:/') mounted
[2021.10.01-20.36.50:964][  0]LogShaderLibrary: Display: ShaderCodeLibraryPakFileMountedCallback: pending pak file info (ChunkID:-1 Root:root:/ File:D:/UE_4.27/FeaturePacks/TP_Rolling.upack)
[2021.10.01-20.36.50:964][  0]LogPakFile: OnPakFileMounted2Time == 0.000032
[2021.10.01-20.36.50:964][  0]LogPakFile: PakFile PrimaryIndexSize=185
[2021.10.01-20.36.50:964][  0]LogPakFile: PakFile PathHashIndexSize=101
[2021.10.01-20.36.50:964][  0]LogPakFile: PakFile FullDirectoryIndexSize=144
[2021.10.01-20.36.50:964][  0]LogShaderLibrary: Display: ShaderCodeLibraryPakFileMountedCallback: PakFile 'D:/UE_4.27/FeaturePacks/TP_RollingBP.upack' (chunk index -1, root 'root:/') mounted
[2021.10.01-20.36.50:964][  0]LogShaderLibrary: Display: ShaderCodeLibraryPakFileMountedCallback: pending pak file info (ChunkID:-1 Root:root:/ File:D:/UE_4.27/FeaturePacks/TP_RollingBP.upack)
[2021.10.01-20.36.50:964][  0]LogPakFile: OnPakFileMounted2Time == 0.000032
[2021.10.01-20.36.50:964][  0]LogPakFile: PakFile PrimaryIndexSize=188
[2021.10.01-20.36.50:964][  0]LogPakFile: PakFile PathHashIndexSize=101
[2021.10.01-20.36.50:964][  0]LogPakFile: PakFile FullDirectoryIndexSize=150
[2021.10.01-20.36.50:964][  0]LogShaderLibrary: Display: ShaderCodeLibraryPakFileMountedCallback: PakFile 'D:/UE_4.27/FeaturePacks/TP_SideScroller.upack' (chunk index -1, root 'root:/') mounted
[2021.10.01-20.36.50:964][  0]LogShaderLibrary: Display: ShaderCodeLibraryPakFileMountedCallback: pending pak file info (ChunkID:-1 Root:root:/ File:D:/UE_4.27/FeaturePacks/TP_SideScroller.upack)
[2021.10.01-20.36.50:965][  0]LogPakFile: OnPakFileMounted2Time == 0.000034
[2021.10.01-20.36.50:965][  0]LogPakFile: PakFile PrimaryIndexSize=190
[2021.10.01-20.36.50:965][  0]LogPakFile: PakFile PathHashIndexSize=101
[2021.10.01-20.36.50:965][  0]LogPakFile: PakFile FullDirectoryIndexSize=154
[2021.10.01-20.36.50:965][  0]LogShaderLibrary: Display: ShaderCodeLibraryPakFileMountedCallback: PakFile 'D:/UE_4.27/FeaturePacks/TP_SideScrollerBP.upack' (chunk index -1, root 'root:/') mounted
[2021.10.01-20.36.50:965][  0]LogShaderLibrary: Display: ShaderCodeLibraryPakFileMountedCallback: pending pak file info (ChunkID:-1 Root:root:/ File:D:/UE_4.27/FeaturePacks/TP_SideScrollerBP.upack)
[2021.10.01-20.36.50:965][  0]LogPakFile: OnPakFileMounted2Time == 0.000033
[2021.10.01-20.36.50:965][  0]LogPakFile: PakFile PrimaryIndexSize=187
[2021.10.01-20.36.50:965][  0]LogPakFile: PakFile PathHashIndexSize=101
[2021.10.01-20.36.50:965][  0]LogPakFile: PakFile FullDirectoryIndexSize=148
[2021.10.01-20.36.50:965][  0]LogShaderLibrary: Display: ShaderCodeLibraryPakFileMountedCallback: PakFile 'D:/UE_4.27/FeaturePacks/TP_ThirdPerson.upack' (chunk index -1, root 'root:/') mounted
[2021.10.01-20.36.50:965][  0]LogShaderLibrary: Display: ShaderCodeLibraryPakFileMountedCallback: pending pak file info (ChunkID:-1 Root:root:/ File:D:/UE_4.27/FeaturePacks/TP_ThirdPerson.upack)
[2021.10.01-20.36.50:965][  0]LogPakFile: OnPakFileMounted2Time == 0.000032
[2021.10.01-20.36.50:966][  0]LogPakFile: PakFile PrimaryIndexSize=189
[2021.10.01-20.36.50:966][  0]LogPakFile: PakFile PathHashIndexSize=101
[2021.10.01-20.36.50:966][  0]LogPakFile: PakFile FullDirectoryIndexSize=152
[2021.10.01-20.36.50:966][  0]LogShaderLibrary: Display: ShaderCodeLibraryPakFileMountedCallback: PakFile 'D:/UE_4.27/FeaturePacks/TP_ThirdPersonBP.upack' (chunk index -1, root 'root:/') mounted
[2021.10.01-20.36.50:966][  0]LogShaderLibrary: Display: ShaderCodeLibraryPakFileMountedCallback: pending pak file info (ChunkID:-1 Root:root:/ File:D:/UE_4.27/FeaturePacks/TP_ThirdPersonBP.upack)
[2021.10.01-20.36.50:966][  0]LogPakFile: OnPakFileMounted2Time == 0.000032
[2021.10.01-20.36.50:966][  0]LogPakFile: PakFile PrimaryIndexSize=183
[2021.10.01-20.36.50:966][  0]LogPakFile: PakFile PathHashIndexSize=101
[2021.10.01-20.36.50:966][  0]LogPakFile: PakFile FullDirectoryIndexSize=140
[2021.10.01-20.36.50:966][  0]LogShaderLibrary: Display: ShaderCodeLibraryPakFileMountedCallback: PakFile 'D:/UE_4.27/FeaturePacks/TP_TopDown.upack' (chunk index -1, root 'root:/') mounted
[2021.10.01-20.36.50:966][  0]LogShaderLibrary: Display: ShaderCodeLibraryPakFileMountedCallback: pending pak file info (ChunkID:-1 Root:root:/ File:D:/UE_4.27/FeaturePacks/TP_TopDown.upack)
[2021.10.01-20.36.50:966][  0]LogPakFile: OnPakFileMounted2Time == 0.000036
[2021.10.01-20.36.50:967][  0]LogPakFile: PakFile PrimaryIndexSize=185
[2021.10.01-20.36.50:967][  0]LogPakFile: PakFile PathHashIndexSize=101
[2021.10.01-20.36.50:967][  0]LogPakFile: PakFile FullDirectoryIndexSize=144
[2021.10.01-20.36.50:967][  0]LogShaderLibrary: Display: ShaderCodeLibraryPakFileMountedCallback: PakFile 'D:/UE_4.27/FeaturePacks/TP_TopDownBP.upack' (chunk index -1, root 'root:/') mounted
[2021.10.01-20.36.50:967][  0]LogShaderLibrary: Display: ShaderCodeLibraryPakFileMountedCallback: pending pak file info (ChunkID:-1 Root:root:/ File:D:/UE_4.27/FeaturePacks/TP_TopDownBP.upack)
[2021.10.01-20.36.50:967][  0]LogPakFile: OnPakFileMounted2Time == 0.000035
[2021.10.01-20.36.50:967][  0]LogPakFile: PakFile PrimaryIndexSize=185
[2021.10.01-20.36.50:967][  0]LogPakFile: PakFile PathHashIndexSize=101
[2021.10.01-20.36.50:967][  0]LogPakFile: PakFile FullDirectoryIndexSize=144
[2021.10.01-20.36.50:967][  0]LogShaderLibrary: Display: ShaderCodeLibraryPakFileMountedCallback: PakFile 'D:/UE_4.27/FeaturePacks/TP_TwinStick.upack' (chunk index -1, root 'root:/') mounted
[2021.10.01-20.36.50:967][  0]LogShaderLibrary: Display: ShaderCodeLibraryPakFileMountedCallback: pending pak file info (ChunkID:-1 Root:root:/ File:D:/UE_4.27/FeaturePacks/TP_TwinStick.upack)
[2021.10.01-20.36.50:967][  0]LogPakFile: OnPakFileMounted2Time == 0.000031
[2021.10.01-20.36.50:968][  0]LogPakFile: PakFile PrimaryIndexSize=187
[2021.10.01-20.36.50:968][  0]LogPakFile: PakFile PathHashIndexSize=101
[2021.10.01-20.36.50:968][  0]LogPakFile: PakFile FullDirectoryIndexSize=148
[2021.10.01-20.36.50:968][  0]LogShaderLibrary: Display: ShaderCodeLibraryPakFileMountedCallback: PakFile 'D:/UE_4.27/FeaturePacks/TP_TwinStickBP.upack' (chunk index -1, root 'root:/') mounted
[2021.10.01-20.36.50:968][  0]LogShaderLibrary: Display: ShaderCodeLibraryPakFileMountedCallback: pending pak file info (ChunkID:-1 Root:root:/ File:D:/UE_4.27/FeaturePacks/TP_TwinStickBP.upack)
[2021.10.01-20.36.50:968][  0]LogPakFile: OnPakFileMounted2Time == 0.000032
[2021.10.01-20.36.50:968][  0]LogPakFile: PakFile PrimaryIndexSize=183
[2021.10.01-20.36.50:968][  0]LogPakFile: PakFile PathHashIndexSize=101
[2021.10.01-20.36.50:968][  0]LogPakFile: PakFile FullDirectoryIndexSize=140
[2021.10.01-20.36.50:968][  0]LogShaderLibrary: Display: ShaderCodeLibraryPakFileMountedCallback: PakFile 'D:/UE_4.27/FeaturePacks/TP_Vehicle.upack' (chunk index -1, root 'root:/') mounted
[2021.10.01-20.36.50:968][  0]LogShaderLibrary: Display: ShaderCodeLibraryPakFileMountedCallback: pending pak file info (ChunkID:-1 Root:root:/ File:D:/UE_4.27/FeaturePacks/TP_Vehicle.upack)
[2021.10.01-20.36.50:968][  0]LogPakFile: OnPakFileMounted2Time == 0.000031
[2021.10.01-20.36.50:969][  0]LogPakFile: PakFile PrimaryIndexSize=186
[2021.10.01-20.36.50:969][  0]LogPakFile: PakFile PathHashIndexSize=101
[2021.10.01-20.36.50:969][  0]LogPakFile: PakFile FullDirectoryIndexSize=146
[2021.10.01-20.36.50:969][  0]LogShaderLibrary: Display: ShaderCodeLibraryPakFileMountedCallback: PakFile 'D:/UE_4.27/FeaturePacks/TP_VehicleAdv.upack' (chunk index -1, root 'root:/') mounted
[2021.10.01-20.36.50:969][  0]LogShaderLibrary: Display: ShaderCodeLibraryPakFileMountedCallback: pending pak file info (ChunkID:-1 Root:root:/ File:D:/UE_4.27/FeaturePacks/TP_VehicleAdv.upack)
[2021.10.01-20.36.50:969][  0]LogPakFile: OnPakFileMounted2Time == 0.000031
[2021.10.01-20.36.50:969][  0]LogPakFile: PakFile PrimaryIndexSize=188
[2021.10.01-20.36.50:969][  0]LogPakFile: PakFile PathHashIndexSize=101
[2021.10.01-20.36.50:969][  0]LogPakFile: PakFile FullDirectoryIndexSize=150
[2021.10.01-20.36.50:969][  0]LogShaderLibrary: Display: ShaderCodeLibraryPakFileMountedCallback: PakFile 'D:/UE_4.27/FeaturePacks/TP_VehicleAdvBP.upack' (chunk index -1, root 'root:/') mounted
[2021.10.01-20.36.50:969][  0]LogShaderLibrary: Display: ShaderCodeLibraryPakFileMountedCallback: pending pak file info (ChunkID:-1 Root:root:/ File:D:/UE_4.27/FeaturePacks/TP_VehicleAdvBP.upack)
[2021.10.01-20.36.50:969][  0]LogPakFile: OnPakFileMounted2Time == 0.000031
[2021.10.01-20.36.50:969][  0]LogPakFile: PakFile PrimaryIndexSize=185
[2021.10.01-20.36.50:969][  0]LogPakFile: PakFile PathHashIndexSize=101
[2021.10.01-20.36.50:969][  0]LogPakFile: PakFile FullDirectoryIndexSize=144
[2021.10.01-20.36.50:970][  0]LogShaderLibrary: Display: ShaderCodeLibraryPakFileMountedCallback: PakFile 'D:/UE_4.27/FeaturePacks/TP_VehicleBP.upack' (chunk index -1, root 'root:/') mounted
[2021.10.01-20.36.50:970][  0]LogShaderLibrary: Display: ShaderCodeLibraryPakFileMountedCallback: pending pak file info (ChunkID:-1 Root:root:/ File:D:/UE_4.27/FeaturePacks/TP_VehicleBP.upack)
[2021.10.01-20.36.50:970][  0]LogPakFile: OnPakFileMounted2Time == 0.000032
[2021.10.01-20.36.50:970][  0]LogPakFile: PakFile PrimaryIndexSize=192
[2021.10.01-20.36.50:970][  0]LogPakFile: PakFile PathHashIndexSize=101
[2021.10.01-20.36.50:970][  0]LogPakFile: PakFile FullDirectoryIndexSize=158
[2021.10.01-20.36.50:970][  0]LogShaderLibrary: Display: ShaderCodeLibraryPakFileMountedCallback: PakFile 'D:/UE_4.27/FeaturePacks/TP_VirtualRealityBP.upack' (chunk index -1, root 'root:/') mounted
[2021.10.01-20.36.50:970][  0]LogShaderLibrary: Display: ShaderCodeLibraryPakFileMountedCallback: pending pak file info (ChunkID:-1 Root:root:/ File:D:/UE_4.27/FeaturePacks/TP_VirtualRealityBP.upack)
[2021.10.01-20.36.50:970][  0]LogPakFile: OnPakFileMounted2Time == 0.000032
[2021.10.01-20.36.51:002][  0]LogNativeClassHierarchy: Verbose: Native class hierarchy updated for 'AddContentDialog' in 0.0003 seconds. Added 0 classes and 0 folders.
[2021.10.01-20.36.51:006][  0]LogNativeClassHierarchy: Verbose: Native class hierarchy updated for 'SceneOutliner' in 0.0002 seconds. Added 2 classes and 0 folders.
[2021.10.01-20.36.51:013][  0]LogNativeClassHierarchy: Verbose: Native class hierarchy updated for 'WorldBrowser' in 0.0003 seconds. Added 2 classes and 3 folders.
[2021.10.01-20.36.51:169][  0]LogSlate: Took 0.000112 seconds to synchronously load lazily loaded font '../../../Engine/Content/Slate/Fonts/Roboto-Regular.ttf' (155K)
[2021.10.01-20.36.51:170][  0]LogSlate: Took 0.000090 seconds to synchronously load lazily loaded font '../../../Engine/Content/Editor/Slate/Fonts/FontAwesome.ttf' (139K)
[2021.10.01-20.36.51:172][  0]LogSlate: Took 0.000093 seconds to synchronously load lazily loaded font '../../../Engine/Content/Slate/Fonts/Roboto-Bold.ttf' (160K)
[2021.10.01-20.36.51:255][  0]LogRenderer: Reallocating scene render targets to support 1236x588 Format 10 NumSamples 1 (Frame:1).
[2021.10.01-20.36.51:381][  0]LogNativeClassHierarchy: Verbose: Native class hierarchy updated for 'HierarchicalLODOutliner' in 0.0002 seconds. Added 0 classes and 0 folders.
[2021.10.01-20.36.51:381][  0]LogLoad: (Engine Initialization) Total time: 9.89 seconds
[2021.10.01-20.36.51:381][  0]LogLoad: (Engine Initialization) Total Blueprint compile time: 0.00 seconds
[2021.10.01-20.36.51:440][  0]LogAssetRegistry: Asset discovery search completed in 6.2154 seconds
[2021.10.01-20.36.51:445][  0]LogCollectionManager: Fixed up redirectors for 0 collections in 0.000003 seconds (updated 0 objects)
[2021.10.01-20.36.51:446][  0]LogContentStreaming: Texture pool size now 1000 MB
[2021.10.01-20.36.51:533][  1]LogRenderer: Reallocating scene render targets to support 1236x604 Format 10 NumSamples 1 (Frame:3).
[2021.10.01-20.36.52:088][  2]LogSlate: Took 0.000136 seconds to synchronously load lazily loaded font '../../../Engine/Content/Slate/Fonts/Roboto-Light.ttf' (167K)
